mode: set
madappgang.com/meroku/ai_agent_claude.go:28.51,30.18 2 0
madappgang.com/meroku/ai_agent_claude.go:30.18,32.3 1 0
madappgang.com/meroku/ai_agent_claude.go:34.2,40.8 2 0
madappgang.com/meroku/ai_agent_claude.go:44.125,50.9 2 0
madappgang.com/meroku/ai_agent_claude.go:51.20,52.59 1 0
madappgang.com/meroku/ai_agent_claude.go:53.10,53.10 0 0
madappgang.com/meroku/ai_agent_claude.go:57.2,68.16 4 0
madappgang.com/meroku/ai_agent_claude.go:68.16,70.3 1 0
madappgang.com/meroku/ai_agent_claude.go:72.2,72.31 1 0
madappgang.com/meroku/ai_agent_claude.go:72.31,74.3 1 0
madappgang.com/meroku/ai_agent_claude.go:76.2,79.38 2 0
madappgang.com/meroku/ai_agent_claude.go:83.85,400.19 2 0
madappgang.com/meroku/ai_agent_claude.go:400.19,402.3 1 0
madappgang.com/meroku/ai_agent_claude.go:402.8,404.3 1 0
madappgang.com/meroku/ai_agent_claude.go:406.2,406.22 1 0
madappgang.com/meroku/ai_agent_claude.go:410.81,420.76 7 0
madappgang.com/meroku/ai_agent_claude.go:420.76,423.3 1 0
madappgang.com/meroku/ai_agent_claude.go:425.2,440.27 5 0
madappgang.com/meroku/ai_agent_claude.go:440.27,442.3 1 0
madappgang.com/meroku/ai_agent_claude.go:444.2,448.8 1 0
madappgang.com/meroku/ai_agent_claude.go:452.89,457.29 4 0
madappgang.com/meroku/ai_agent_claude.go:457.29,460.59 2 0
madappgang.com/meroku/ai_agent_claude.go:460.59,463.12 3 0
madappgang.com/meroku/ai_agent_claude.go:466.3,466.58 1 0
madappgang.com/meroku/ai_agent_claude.go:466.58,470.12 4 0
madappgang.com/meroku/ai_agent_claude.go:473.3,473.59 1 0
madappgang.com/meroku/ai_agent_claude.go:473.59,477.44 3 0
madappgang.com/meroku/ai_agent_claude.go:477.44,479.5 1 0
madappgang.com/meroku/ai_agent_claude.go:480.4,480.12 1 0
madappgang.com/meroku/ai_agent_claude.go:484.3,484.86 1 0
madappgang.com/meroku/ai_agent_claude.go:484.86,486.4 1 0
madappgang.com/meroku/ai_agent_claude.go:486.9,486.94 1 0
madappgang.com/meroku/ai_agent_claude.go:486.94,488.4 1 0
madappgang.com/meroku/ai_agent_claude.go:491.2,491.52 1 0
madappgang.com/meroku/ai_agent_claude.go:491.52,493.3 1 0
madappgang.com/meroku/ai_agent_claude.go:495.2,499.8 1 0
madappgang.com/meroku/ai_agent_executor.go:20.57,24.2 1 0
madappgang.com/meroku/ai_agent_executor.go:27.92,32.49 1 0
madappgang.com/meroku/ai_agent_executor.go:32.49,34.3 1 0
madappgang.com/meroku/ai_agent_executor.go:37.2,38.32 2 0
madappgang.com/meroku/ai_agent_executor.go:38.32,40.3 1 0
madappgang.com/meroku/ai_agent_executor.go:41.2,41.31 1 0
madappgang.com/meroku/ai_agent_executor.go:41.31,44.3 2 0
madappgang.com/meroku/ai_agent_executor.go:47.2,61.22 11 0
madappgang.com/meroku/ai_agent_executor.go:61.22,63.19 1 0
madappgang.com/meroku/ai_agent_executor.go:63.19,65.4 1 0
madappgang.com/meroku/ai_agent_executor.go:66.3,66.28 1 0
madappgang.com/meroku/ai_agent_executor.go:69.2,69.16 1 0
madappgang.com/meroku/ai_agent_executor.go:69.16,71.3 1 0
madappgang.com/meroku/ai_agent_executor.go:73.2,73.20 1 0
madappgang.com/meroku/ai_agent_executor.go:77.91,79.49 1 0
madappgang.com/meroku/ai_agent_executor.go:79.49,81.3 1 0
madappgang.com/meroku/ai_agent_executor.go:84.2,85.32 2 0
madappgang.com/meroku/ai_agent_executor.go:85.32,87.3 1 0
madappgang.com/meroku/ai_agent_executor.go:88.2,88.31 1 0
madappgang.com/meroku/ai_agent_executor.go:88.31,90.3 1 0
madappgang.com/meroku/ai_agent_executor.go:93.2,107.22 11 0
madappgang.com/meroku/ai_agent_executor.go:107.22,108.19 1 0
madappgang.com/meroku/ai_agent_executor.go:108.19,110.4 1 0
madappgang.com/meroku/ai_agent_executor.go:111.3,111.28 1 0
madappgang.com/meroku/ai_agent_executor.go:114.2,114.16 1 0
madappgang.com/meroku/ai_agent_executor.go:114.16,116.3 1 0
madappgang.com/meroku/ai_agent_executor.go:118.2,118.20 1 0
madappgang.com/meroku/ai_agent_executor.go:123.94,126.21 2 0
madappgang.com/meroku/ai_agent_executor.go:126.21,128.3 1 0
madappgang.com/meroku/ai_agent_executor.go:130.2,132.29 2 0
madappgang.com/meroku/ai_agent_executor.go:132.29,134.39 2 0
madappgang.com/meroku/ai_agent_executor.go:134.39,136.4 1 0
madappgang.com/meroku/ai_agent_executor.go:136.9,136.45 1 0
madappgang.com/meroku/ai_agent_executor.go:136.45,138.4 1 0
madappgang.com/meroku/ai_agent_executor.go:138.9,138.45 1 0
madappgang.com/meroku/ai_agent_executor.go:138.45,140.4 1 0
madappgang.com/meroku/ai_agent_executor.go:143.2,143.20 1 0
madappgang.com/meroku/ai_agent_executor.go:143.20,145.3 1 0
madappgang.com/meroku/ai_agent_executor.go:148.2,148.31 1 0
madappgang.com/meroku/ai_agent_executor.go:148.31,150.3 1 0
madappgang.com/meroku/ai_agent_executor.go:153.2,153.73 1 0
madappgang.com/meroku/ai_agent_executor.go:153.73,155.3 1 0
madappgang.com/meroku/ai_agent_executor.go:158.2,159.64 2 0
madappgang.com/meroku/ai_agent_executor.go:159.64,161.3 1 0
madappgang.com/meroku/ai_agent_executor.go:164.2,165.16 2 0
madappgang.com/meroku/ai_agent_executor.go:165.16,167.3 1 0
madappgang.com/meroku/ai_agent_executor.go:168.2,168.22 1 0
madappgang.com/meroku/ai_agent_executor.go:168.22,169.16 1 0
madappgang.com/meroku/ai_agent_executor.go:169.16,172.4 1 0
madappgang.com/meroku/ai_agent_executor.go:176.2,177.16 2 0
madappgang.com/meroku/ai_agent_executor.go:177.16,179.3 1 0
madappgang.com/meroku/ai_agent_executor.go:182.2,183.19 2 0
madappgang.com/meroku/ai_agent_executor.go:183.19,184.45 1 0
madappgang.com/meroku/ai_agent_executor.go:184.45,186.4 1 0
madappgang.com/meroku/ai_agent_executor.go:188.3,188.64 1 0
madappgang.com/meroku/ai_agent_executor.go:189.8,192.3 1 0
madappgang.com/meroku/ai_agent_executor.go:195.2,196.16 2 0
madappgang.com/meroku/ai_agent_executor.go:196.16,198.3 1 0
madappgang.com/meroku/ai_agent_executor.go:200.2,200.62 1 0
madappgang.com/meroku/ai_agent_executor.go:204.100,207.42 2 0
madappgang.com/meroku/ai_agent_executor.go:207.42,210.30 2 0
madappgang.com/meroku/ai_agent_executor.go:210.30,211.42 1 0
madappgang.com/meroku/ai_agent_executor.go:211.43,214.5 0 0
madappgang.com/meroku/ai_agent_executor.go:219.2,220.50 2 0
madappgang.com/meroku/ai_agent_executor.go:220.50,222.3 1 0
madappgang.com/meroku/ai_agent_executor.go:225.2,229.49 3 0
madappgang.com/meroku/ai_agent_executor.go:229.49,231.3 1 0
madappgang.com/meroku/ai_agent_executor.go:234.2,234.49 1 0
madappgang.com/meroku/ai_agent_executor.go:234.49,236.3 1 0
madappgang.com/meroku/ai_agent_executor.go:238.2,243.32 4 0
madappgang.com/meroku/ai_agent_executor.go:243.32,245.3 1 0
madappgang.com/meroku/ai_agent_executor.go:246.2,246.31 1 0
madappgang.com/meroku/ai_agent_executor.go:246.31,248.3 1 0
madappgang.com/meroku/ai_agent_executor.go:249.2,258.22 7 0
madappgang.com/meroku/ai_agent_executor.go:258.22,259.19 1 0
madappgang.com/meroku/ai_agent_executor.go:259.19,261.4 1 0
madappgang.com/meroku/ai_agent_executor.go:262.3,262.28 1 0
madappgang.com/meroku/ai_agent_executor.go:265.2,265.16 1 0
madappgang.com/meroku/ai_agent_executor.go:265.16,267.3 1 0
madappgang.com/meroku/ai_agent_executor.go:269.2,269.20 1 0
madappgang.com/meroku/ai_agent_executor.go:273.99,277.50 3 0
madappgang.com/meroku/ai_agent_executor.go:277.50,279.3 1 0
madappgang.com/meroku/ai_agent_executor.go:282.2,290.32 6 0
madappgang.com/meroku/ai_agent_executor.go:290.32,292.3 1 0
madappgang.com/meroku/ai_agent_executor.go:293.2,293.31 1 0
madappgang.com/meroku/ai_agent_executor.go:293.31,295.3 1 0
madappgang.com/meroku/ai_agent_executor.go:296.2,305.22 7 0
madappgang.com/meroku/ai_agent_executor.go:305.22,306.19 1 0
madappgang.com/meroku/ai_agent_executor.go:306.19,308.4 1 0
madappgang.com/meroku/ai_agent_executor.go:309.3,309.28 1 0
madappgang.com/meroku/ai_agent_executor.go:312.2,312.16 1 0
madappgang.com/meroku/ai_agent_executor.go:312.16,314.3 1 0
madappgang.com/meroku/ai_agent_executor.go:316.2,316.20 1 0
madappgang.com/meroku/ai_agent_executor.go:320.93,327.16 4 0
madappgang.com/meroku/ai_agent_executor.go:327.16,329.3 1 0
madappgang.com/meroku/ai_agent_executor.go:331.2,331.20 1 0
madappgang.com/meroku/ai_agent_integration.go:12.47,13.28 1 0
madappgang.com/meroku/ai_agent_integration.go:13.28,17.3 3 0
madappgang.com/meroku/ai_agent_integration.go:20.2,20.25 1 0
madappgang.com/meroku/ai_agent_integration.go:20.25,22.3 1 0
madappgang.com/meroku/ai_agent_integration.go:25.2,26.16 2 0
madappgang.com/meroku/ai_agent_integration.go:26.16,28.3 1 0
madappgang.com/meroku/ai_agent_integration.go:31.2,32.49 2 0
madappgang.com/meroku/ai_agent_integration.go:32.49,40.76 2 0
madappgang.com/meroku/ai_agent_integration.go:40.76,42.4 1 0
madappgang.com/meroku/ai_agent_integration.go:46.2,64.16 6 0
madappgang.com/meroku/ai_agent_integration.go:64.16,66.3 1 0
madappgang.com/meroku/ai_agent_integration.go:68.2,68.12 1 0
madappgang.com/meroku/ai_agent_integration.go:72.30,93.2 19 0
madappgang.com/meroku/ai_agent_integration.go:97.35,98.28 1 0
madappgang.com/meroku/ai_agent_integration.go:98.28,105.3 6 0
madappgang.com/meroku/ai_agent_integration.go:108.2,109.15 2 0
madappgang.com/meroku/ai_agent_integration.go:109.15,114.3 4 0
madappgang.com/meroku/ai_agent_integration.go:117.2,118.22 2 0
madappgang.com/meroku/ai_agent_integration.go:118.22,120.23 2 0
madappgang.com/meroku/ai_agent_integration.go:120.23,122.4 1 0
madappgang.com/meroku/ai_agent_integration.go:125.2,126.21 2 0
madappgang.com/meroku/ai_agent_integration.go:126.21,128.22 2 0
madappgang.com/meroku/ai_agent_integration.go:128.22,130.4 1 0
madappgang.com/meroku/ai_agent_integration.go:131.3,131.22 1 0
madappgang.com/meroku/ai_agent_integration.go:131.22,133.4 1 0
madappgang.com/meroku/ai_agent_integration.go:137.2,138.16 2 0
madappgang.com/meroku/ai_agent_integration.go:138.16,140.3 1 0
madappgang.com/meroku/ai_agent_integration.go:143.2,161.16 17 0
madappgang.com/meroku/ai_agent_integration.go:161.16,167.3 4 0
madappgang.com/meroku/ai_agent_integration.go:169.2,170.30 2 0
madappgang.com/meroku/ai_agent_integration.go:170.30,175.3 4 0
madappgang.com/meroku/ai_agent_integration.go:178.2,185.75 3 0
madappgang.com/meroku/ai_agent_integration.go:185.75,187.3 1 0
madappgang.com/meroku/ai_agent_integration.go:190.2,208.16 6 0
madappgang.com/meroku/ai_agent_integration.go:208.16,213.3 4 0
madappgang.com/meroku/ai_agent_integration.go:215.2,217.12 3 0
madappgang.com/meroku/ai_agent_react_loop.go:66.92,71.16 3 0
madappgang.com/meroku/ai_agent_react_loop.go:71.16,74.3 2 0
madappgang.com/meroku/ai_agent_react_loop.go:77.2,95.19 3 0
madappgang.com/meroku/ai_agent_react_loop.go:99.33,101.15 2 0
madappgang.com/meroku/ai_agent_react_loop.go:101.15,103.3 1 0
madappgang.com/meroku/ai_agent_react_loop.go:106.2,112.71 2 0
madappgang.com/meroku/ai_agent_react_loop.go:112.71,114.10 1 0
madappgang.com/meroku/ai_agent_react_loop.go:115.23,124.42 4 0
madappgang.com/meroku/ai_agent_react_loop.go:125.11,125.11 0 0
madappgang.com/meroku/ai_agent_react_loop.go:129.3,143.17 5 0
madappgang.com/meroku/ai_agent_react_loop.go:143.17,153.4 5 0
madappgang.com/meroku/ai_agent_react_loop.go:155.3,160.27 4 0
madappgang.com/meroku/ai_agent_react_loop.go:160.27,174.4 7 0
madappgang.com/meroku/ai_agent_react_loop.go:177.3,188.17 6 0
madappgang.com/meroku/ai_agent_react_loop.go:188.17,192.4 3 0
madappgang.com/meroku/ai_agent_react_loop.go:192.9,195.4 2 0
madappgang.com/meroku/ai_agent_react_loop.go:198.3,203.5 2 0
madappgang.com/meroku/ai_agent_react_loop.go:210.2,219.65 4 0
madappgang.com/meroku/ai_agent_react_loop.go:223.72,229.16 3 0
madappgang.com/meroku/ai_agent_react_loop.go:229.16,231.3 1 0
madappgang.com/meroku/ai_agent_react_loop.go:233.2,233.65 1 0
madappgang.com/meroku/ai_agent_react_loop.go:237.63,238.16 1 0
madappgang.com/meroku/ai_agent_react_loop.go:239.17,240.50 1 0
madappgang.com/meroku/ai_agent_react_loop.go:241.15,242.49 1 0
madappgang.com/meroku/ai_agent_react_loop.go:243.19,244.52 1 0
madappgang.com/meroku/ai_agent_react_loop.go:245.25,246.58 1 0
madappgang.com/meroku/ai_agent_react_loop.go:247.24,248.57 1 0
madappgang.com/meroku/ai_agent_react_loop.go:249.20,250.53 1 0
madappgang.com/meroku/ai_agent_react_loop.go:251.10,252.59 1 0
madappgang.com/meroku/ai_agent_react_loop.go:257.41,258.34 1 0
madappgang.com/meroku/ai_agent_react_loop.go:258.34,260.3 1 0
madappgang.com/meroku/ai_agent_react_loop.go:262.2,263.42 2 0
madappgang.com/meroku/ai_agent_react_loop.go:263.42,269.30 6 0
madappgang.com/meroku/ai_agent_react_loop.go:269.30,271.4 1 0
madappgang.com/meroku/ai_agent_react_loop.go:272.3,272.54 1 0
madappgang.com/meroku/ai_agent_react_loop.go:275.2,275.16 1 0
madappgang.com/meroku/ai_agent_react_loop.go:279.50,280.9 1 0
madappgang.com/meroku/ai_agent_react_loop.go:281.30,281.30 0 0
madappgang.com/meroku/ai_agent_react_loop.go:282.22,282.22 0 0
madappgang.com/meroku/ai_agent_react_loop.go:288.26,290.2 1 0
madappgang.com/meroku/ai_agent_react_loop.go:293.42,295.2 1 0
madappgang.com/meroku/ai_agent_react_loop.go:298.55,299.27 1 0
madappgang.com/meroku/ai_agent_react_loop.go:299.27,301.3 1 0
madappgang.com/meroku/ai_agent_react_loop.go:302.2,302.53 1 0
madappgang.com/meroku/ai_agent_security.go:12.44,34.44 2 0
madappgang.com/meroku/ai_agent_security.go:34.44,37.14 2 0
madappgang.com/meroku/ai_agent_security.go:37.14,39.4 1 0
madappgang.com/meroku/ai_agent_security.go:43.2,44.24 2 0
madappgang.com/meroku/ai_agent_security.go:44.24,46.3 1 0
madappgang.com/meroku/ai_agent_security.go:48.2,70.31 3 0
madappgang.com/meroku/ai_agent_security.go:70.31,72.3 1 0
madappgang.com/meroku/ai_agent_security.go:74.2,74.12 1 0
madappgang.com/meroku/ai_agent_security.go:78.56,81.16 2 0
madappgang.com/meroku/ai_agent_security.go:81.16,83.3 1 0
madappgang.com/meroku/ai_agent_security.go:86.2,87.30 2 0
madappgang.com/meroku/ai_agent_security.go:87.30,91.92 2 0
madappgang.com/meroku/ai_agent_security.go:91.92,93.4 1 0
madappgang.com/meroku/ai_agent_security.go:94.8,96.3 1 0
madappgang.com/meroku/ai_agent_security.go:99.2,103.16 3 0
madappgang.com/meroku/ai_agent_security.go:103.16,105.3 1 0
madappgang.com/meroku/ai_agent_security.go:108.2,109.16 2 0
madappgang.com/meroku/ai_agent_security.go:109.16,111.3 1 0
madappgang.com/meroku/ai_agent_security.go:114.2,114.38 1 0
madappgang.com/meroku/ai_agent_security.go:114.38,116.3 1 0
madappgang.com/meroku/ai_agent_security.go:121.2,121.91 1 0
madappgang.com/meroku/ai_agent_security.go:121.91,134.43 2 0
madappgang.com/meroku/ai_agent_security.go:134.43,135.44 1 0
madappgang.com/meroku/ai_agent_security.go:135.44,137.5 1 0
madappgang.com/meroku/ai_agent_security.go:141.2,141.12 1 0
madappgang.com/meroku/ai_agent_security.go:145.61,147.16 2 0
madappgang.com/meroku/ai_agent_security.go:147.16,148.25 1 0
madappgang.com/meroku/ai_agent_security.go:148.25,150.4 1 0
madappgang.com/meroku/ai_agent_security.go:151.3,151.52 1 0
madappgang.com/meroku/ai_agent_security.go:154.2,154.27 1 0
madappgang.com/meroku/ai_agent_security.go:154.27,156.3 1 0
madappgang.com/meroku/ai_agent_security.go:158.2,158.12 1 0
madappgang.com/meroku/ai_agent_security.go:162.56,164.53 1 0
madappgang.com/meroku/ai_agent_security.go:164.53,166.3 1 0
madappgang.com/meroku/ai_agent_security.go:168.2,169.16 2 0
madappgang.com/meroku/ai_agent_security.go:169.16,171.3 1 0
madappgang.com/meroku/ai_agent_security.go:173.2,173.24 1 0
madappgang.com/meroku/ai_agent_tui.go:39.71,43.16 3 0
madappgang.com/meroku/ai_agent_tui.go:43.16,45.3 1 0
madappgang.com/meroku/ai_agent_tui.go:47.2,56.8 1 0
madappgang.com/meroku/ai_agent_tui.go:60.38,66.2 1 0
madappgang.com/meroku/ai_agent_tui.go:69.64,72.27 2 0
madappgang.com/meroku/ai_agent_tui.go:73.18,74.23 1 0
madappgang.com/meroku/ai_agent_tui.go:75.22,76.22 1 0
madappgang.com/meroku/ai_agent_tui.go:76.22,78.5 1 0
madappgang.com/meroku/ai_agent_tui.go:79.4,79.22 1 0
madappgang.com/meroku/ai_agent_tui.go:81.18,84.27 2 0
madappgang.com/meroku/ai_agent_tui.go:84.27,86.5 1 0
madappgang.com/meroku/ai_agent_tui.go:88.20,89.45 1 0
madappgang.com/meroku/ai_agent_tui.go:89.45,91.5 1 0
madappgang.com/meroku/ai_agent_tui.go:93.4,93.71 1 0
madappgang.com/meroku/ai_agent_tui.go:93.71,95.5 1 0
madappgang.com/meroku/ai_agent_tui.go:97.16,99.43 1 0
madappgang.com/meroku/ai_agent_tui.go:99.44,101.5 0 0
madappgang.com/meroku/ai_agent_tui.go:104.25,108.15 3 0
madappgang.com/meroku/ai_agent_tui.go:108.15,112.4 3 0
madappgang.com/meroku/ai_agent_tui.go:112.9,115.4 2 0
madappgang.com/meroku/ai_agent_tui.go:117.3,117.46 1 0
madappgang.com/meroku/ai_agent_tui.go:119.22,122.22 2 0
madappgang.com/meroku/ai_agent_tui.go:123.19,125.36 2 0
madappgang.com/meroku/ai_agent_tui.go:127.23,129.31 2 0
madappgang.com/meroku/ai_agent_tui.go:129.31,133.5 2 0
madappgang.com/meroku/ai_agent_tui.go:135.26,136.31 1 0
madappgang.com/meroku/ai_agent_tui.go:136.31,139.5 2 0
madappgang.com/meroku/ai_agent_tui.go:141.19,144.36 3 0
madappgang.com/meroku/ai_agent_tui.go:146.16,150.31 4 0
madappgang.com/meroku/ai_agent_tui.go:150.31,152.5 1 0
madappgang.com/meroku/ai_agent_tui.go:155.3,158.19 2 0
madappgang.com/meroku/ai_agent_tui.go:158.19,160.4 1 0
madappgang.com/meroku/ai_agent_tui.go:162.3,162.41 1 0
madappgang.com/meroku/ai_agent_tui.go:164.20,166.20 1 0
madappgang.com/meroku/ai_agent_tui.go:166.20,168.4 1 0
madappgang.com/meroku/ai_agent_tui.go:172.2,178.38 5 0
madappgang.com/meroku/ai_agent_tui.go:178.38,181.3 1 0
madappgang.com/meroku/ai_agent_tui.go:183.2,183.30 1 0
madappgang.com/meroku/ai_agent_tui.go:187.37,188.14 1 0
madappgang.com/meroku/ai_agent_tui.go:188.14,190.3 1 0
madappgang.com/meroku/ai_agent_tui.go:193.2,209.18 6 0
madappgang.com/meroku/ai_agent_tui.go:209.18,211.3 1 0
madappgang.com/meroku/ai_agent_tui.go:211.8,211.25 1 0
madappgang.com/meroku/ai_agent_tui.go:211.25,212.16 1 0
madappgang.com/meroku/ai_agent_tui.go:212.16,214.4 1 0
madappgang.com/meroku/ai_agent_tui.go:214.9,216.4 1 0
madappgang.com/meroku/ai_agent_tui.go:217.8,219.3 1 0
madappgang.com/meroku/ai_agent_tui.go:220.2,231.41 5 0
madappgang.com/meroku/ai_agent_tui.go:235.46,240.36 4 0
madappgang.com/meroku/ai_agent_tui.go:240.36,241.31 1 0
madappgang.com/meroku/ai_agent_tui.go:241.31,243.4 1 0
madappgang.com/meroku/ai_agent_tui.go:243.9,243.37 1 0
madappgang.com/meroku/ai_agent_tui.go:243.37,245.4 1 0
madappgang.com/meroku/ai_agent_tui.go:248.2,255.4 2 0
madappgang.com/meroku/ai_agent_tui.go:259.49,260.28 1 0
madappgang.com/meroku/ai_agent_tui.go:260.28,265.3 2 0
madappgang.com/meroku/ai_agent_tui.go:267.2,269.36 2 0
madappgang.com/meroku/ai_agent_tui.go:269.36,273.3 3 0
madappgang.com/meroku/ai_agent_tui.go:276.2,276.18 1 0
madappgang.com/meroku/ai_agent_tui.go:276.18,278.3 1 0
madappgang.com/meroku/ai_agent_tui.go:280.2,280.25 1 0
madappgang.com/meroku/ai_agent_tui.go:284.82,288.21 3 0
madappgang.com/meroku/ai_agent_tui.go:289.17,291.38 2 0
madappgang.com/meroku/ai_agent_tui.go:292.17,294.37 2 0
madappgang.com/meroku/ai_agent_tui.go:295.16,297.38 2 0
madappgang.com/meroku/ai_agent_tui.go:298.10,300.38 2 0
madappgang.com/meroku/ai_agent_tui.go:304.2,305.14 2 0
madappgang.com/meroku/ai_agent_tui.go:305.14,307.3 1 0
madappgang.com/meroku/ai_agent_tui.go:310.2,323.21 4 0
madappgang.com/meroku/ai_agent_tui.go:324.26,325.58 1 0
madappgang.com/meroku/ai_agent_tui.go:326.19,327.59 1 0
madappgang.com/meroku/ai_agent_tui.go:328.43,329.60 1 0
madappgang.com/meroku/ai_agent_tui.go:330.20,331.60 1 0
madappgang.com/meroku/ai_agent_tui.go:332.18,333.59 1 0
madappgang.com/meroku/ai_agent_tui.go:334.10,336.57 1 0
madappgang.com/meroku/ai_agent_tui.go:339.2,339.27 1 0
madappgang.com/meroku/ai_agent_tui.go:343.85,347.30 3 0
madappgang.com/meroku/ai_agent_tui.go:347.30,350.3 2 0
madappgang.com/meroku/ai_agent_tui.go:350.8,353.3 2 0
madappgang.com/meroku/ai_agent_tui.go:356.2,357.30 2 0
madappgang.com/meroku/ai_agent_tui.go:357.30,359.3 1 0
madappgang.com/meroku/ai_agent_tui.go:359.8,359.36 1 0
madappgang.com/meroku/ai_agent_tui.go:359.36,361.3 1 0
madappgang.com/meroku/ai_agent_tui.go:364.2,380.23 6 0
madappgang.com/meroku/ai_agent_tui.go:380.23,383.3 2 0
madappgang.com/meroku/ai_agent_tui.go:386.2,390.23 3 0
madappgang.com/meroku/ai_agent_tui.go:390.23,396.28 4 0
madappgang.com/meroku/ai_agent_tui.go:396.28,398.4 1 0
madappgang.com/meroku/ai_agent_tui.go:400.3,405.37 2 0
madappgang.com/meroku/ai_agent_tui.go:405.37,407.4 1 0
madappgang.com/meroku/ai_agent_tui.go:409.3,409.28 1 0
madappgang.com/meroku/ai_agent_tui.go:409.28,414.4 1 0
madappgang.com/meroku/ai_agent_tui.go:418.2,418.55 1 0
madappgang.com/meroku/ai_agent_tui.go:418.55,421.3 2 0
madappgang.com/meroku/ai_agent_tui.go:423.2,423.42 1 0
madappgang.com/meroku/ai_agent_tui.go:427.86,442.29 7 0
madappgang.com/meroku/ai_agent_tui.go:442.29,444.3 1 0
madappgang.com/meroku/ai_agent_tui.go:445.2,450.23 4 0
madappgang.com/meroku/ai_agent_tui.go:450.23,452.3 1 0
madappgang.com/meroku/ai_agent_tui.go:454.2,454.55 1 0
madappgang.com/meroku/ai_agent_tui.go:454.55,456.3 1 0
madappgang.com/meroku/ai_agent_tui.go:458.2,458.42 1 0
madappgang.com/meroku/ai_agent_tui.go:462.87,473.38 4 0
madappgang.com/meroku/ai_agent_tui.go:473.38,475.3 1 0
madappgang.com/meroku/ai_agent_tui.go:477.2,482.30 5 0
madappgang.com/meroku/ai_agent_tui.go:482.30,484.3 1 0
madappgang.com/meroku/ai_agent_tui.go:484.8,484.36 1 0
madappgang.com/meroku/ai_agent_tui.go:484.36,486.3 1 0
madappgang.com/meroku/ai_agent_tui.go:487.2,489.23 2 0
madappgang.com/meroku/ai_agent_tui.go:489.23,492.3 2 0
madappgang.com/meroku/ai_agent_tui.go:494.2,494.23 1 0
madappgang.com/meroku/ai_agent_tui.go:494.23,498.3 3 0
madappgang.com/meroku/ai_agent_tui.go:500.2,500.42 1 0
madappgang.com/meroku/ai_agent_tui.go:504.87,520.23 7 0
madappgang.com/meroku/ai_agent_tui.go:520.23,524.3 3 0
madappgang.com/meroku/ai_agent_tui.go:526.2,526.42 1 0
madappgang.com/meroku/ai_agent_tui.go:530.86,545.2 6 0
madappgang.com/meroku/ai_agent_tui.go:548.84,556.23 4 0
madappgang.com/meroku/ai_agent_tui.go:556.23,558.3 1 0
madappgang.com/meroku/ai_agent_tui.go:560.2,560.55 1 0
madappgang.com/meroku/ai_agent_tui.go:560.55,565.3 2 0
madappgang.com/meroku/ai_agent_tui.go:567.2,567.25 1 0
madappgang.com/meroku/ai_agent_tui.go:571.56,572.19 1 0
madappgang.com/meroku/ai_agent_tui.go:572.19,574.3 1 0
madappgang.com/meroku/ai_agent_tui.go:576.2,581.36 5 0
madappgang.com/meroku/ai_agent_tui.go:581.36,582.31 1 0
madappgang.com/meroku/ai_agent_tui.go:582.31,584.4 1 0
madappgang.com/meroku/ai_agent_tui.go:584.9,584.37 1 0
madappgang.com/meroku/ai_agent_tui.go:584.37,586.4 1 0
madappgang.com/meroku/ai_agent_tui.go:587.3,587.33 1 0
madappgang.com/meroku/ai_agent_tui.go:591.2,593.15 3 0
madappgang.com/meroku/ai_agent_tui.go:593.15,598.3 2 0
madappgang.com/meroku/ai_agent_tui.go:598.8,603.3 2 0
madappgang.com/meroku/ai_agent_tui.go:606.2,621.27 9 0
madappgang.com/meroku/ai_agent_tui.go:621.27,623.3 1 0
madappgang.com/meroku/ai_agent_tui.go:625.2,625.42 1 0
madappgang.com/meroku/ai_agent_tui.go:629.45,636.19 3 0
madappgang.com/meroku/ai_agent_tui.go:636.19,638.3 1 0
madappgang.com/meroku/ai_agent_tui.go:640.2,640.18 1 0
madappgang.com/meroku/ai_agent_tui.go:640.18,642.3 1 0
madappgang.com/meroku/ai_agent_tui.go:644.2,644.102 1 0
madappgang.com/meroku/ai_agent_tui.go:649.62,652.30 2 0
madappgang.com/meroku/ai_agent_tui.go:652.30,653.44 1 0
madappgang.com/meroku/ai_agent_tui.go:653.44,656.9 3 0
madappgang.com/meroku/ai_agent_tui.go:660.2,660.12 1 0
madappgang.com/meroku/ai_agent_tui.go:660.12,663.3 2 0
madappgang.com/meroku/ai_agent_tui.go:666.47,667.24 1 0
madappgang.com/meroku/ai_agent_tui.go:667.24,670.3 2 0
madappgang.com/meroku/ai_agent_tui.go:673.41,674.66 1 0
madappgang.com/meroku/ai_agent_tui.go:674.66,676.3 1 0
madappgang.com/meroku/ai_agent_tui.go:679.44,680.24 1 0
madappgang.com/meroku/ai_agent_tui.go:680.24,682.13 1 0
madappgang.com/meroku/ai_agent_tui.go:682.13,689.18 3 0
madappgang.com/meroku/ai_agent_tui.go:689.18,692.5 2 0
madappgang.com/meroku/ai_agent_tui.go:695.4,695.11 1 0
madappgang.com/meroku/ai_agent_tui.go:696.30,698.11 1 0
madappgang.com/meroku/ai_agent_tui.go:699.32,699.32 0 0
madappgang.com/meroku/ai_agent_tui.go:701.46,703.11 1 0
madappgang.com/meroku/ai_agent_tui.go:706.3,706.13 1 0
madappgang.com/meroku/ai_agent_tui.go:712.50,713.22 1 0
madappgang.com/meroku/ai_agent_tui.go:713.22,715.3 1 0
madappgang.com/meroku/ai_agent_tui.go:716.2,716.29 1 0
madappgang.com/meroku/ai_agent_tui.go:720.54,722.16 2 0
madappgang.com/meroku/ai_agent_tui.go:722.16,724.3 1 0
madappgang.com/meroku/ai_agent_tui.go:726.2,727.35 2 0
madappgang.com/meroku/ai_agent_tui.go:727.35,729.3 1 0
madappgang.com/meroku/ai_agent_tui.go:731.2,731.12 1 0
madappgang.com/meroku/ai_agent_web_search.go:29.36,44.2 1 0
madappgang.com/meroku/ai_agent_web_search.go:47.93,56.16 4 0
madappgang.com/meroku/ai_agent_web_search.go:56.16,58.3 1 0
madappgang.com/meroku/ai_agent_web_search.go:61.2,65.16 3 0
madappgang.com/meroku/ai_agent_web_search.go:65.16,67.3 1 0
madappgang.com/meroku/ai_agent_web_search.go:68.2,70.38 2 0
madappgang.com/meroku/ai_agent_web_search.go:70.38,72.3 1 0
madappgang.com/meroku/ai_agent_web_search.go:75.2,76.16 2 0
madappgang.com/meroku/ai_agent_web_search.go:76.16,78.3 1 0
madappgang.com/meroku/ai_agent_web_search.go:81.2,83.61 2 0
madappgang.com/meroku/ai_agent_web_search.go:83.61,85.13 1 0
madappgang.com/meroku/ai_agent_web_search.go:85.13,87.4 1 0
madappgang.com/meroku/ai_agent_web_search.go:89.3,94.41 4 0
madappgang.com/meroku/ai_agent_web_search.go:94.41,96.4 1 0
madappgang.com/meroku/ai_agent_web_search.go:98.3,98.37 1 0
madappgang.com/meroku/ai_agent_web_search.go:98.37,104.4 1 0
madappgang.com/meroku/ai_agent_web_search.go:107.2,107.23 1 0
madappgang.com/meroku/ai_agent_web_search.go:107.23,109.3 1 0
madappgang.com/meroku/ai_agent_web_search.go:111.2,111.21 1 0
madappgang.com/meroku/ai_agent_web_search.go:115.95,118.16 2 0
madappgang.com/meroku/ai_agent_web_search.go:118.16,120.3 1 0
madappgang.com/meroku/ai_agent_web_search.go:123.2,127.16 3 0
madappgang.com/meroku/ai_agent_web_search.go:127.16,129.3 1 0
madappgang.com/meroku/ai_agent_web_search.go:130.2,132.38 2 0
madappgang.com/meroku/ai_agent_web_search.go:132.38,134.3 1 0
madappgang.com/meroku/ai_agent_web_search.go:137.2,138.16 2 0
madappgang.com/meroku/ai_agent_web_search.go:138.16,140.3 1 0
madappgang.com/meroku/ai_agent_web_search.go:143.2,156.37 4 0
madappgang.com/meroku/ai_agent_web_search.go:156.37,157.38 1 0
madappgang.com/meroku/ai_agent_web_search.go:157.38,158.62 1 0
madappgang.com/meroku/ai_agent_web_search.go:158.62,160.5 1 0
madappgang.com/meroku/ai_agent_web_search.go:161.4,162.9 2 0
madappgang.com/meroku/ai_agent_web_search.go:167.2,167.12 1 0
madappgang.com/meroku/ai_agent_web_search.go:167.12,169.3 1 0
madappgang.com/meroku/ai_agent_web_search.go:172.2,176.26 3 0
madappgang.com/meroku/ai_agent_web_search.go:176.26,178.3 1 0
madappgang.com/meroku/ai_agent_web_search.go:180.2,180.20 1 0
madappgang.com/meroku/ai_agent_web_search.go:184.57,189.33 3 0
madappgang.com/meroku/ai_agent_web_search.go:189.33,192.27 3 0
madappgang.com/meroku/ai_agent_web_search.go:192.27,194.4 1 0
madappgang.com/meroku/ai_agent_web_search.go:195.3,195.30 1 0
madappgang.com/meroku/ai_agent_web_search.go:198.2,198.27 1 0
madappgang.com/meroku/ai_agent_web_search.go:202.74,210.16 5 0
madappgang.com/meroku/ai_agent_web_search.go:210.16,212.3 1 0
madappgang.com/meroku/ai_agent_web_search.go:214.2,214.42 1 0
madappgang.com/meroku/ai_agent_web_search.go:218.100,226.16 5 0
madappgang.com/meroku/ai_agent_web_search.go:226.16,228.3 1 0
madappgang.com/meroku/ai_agent_web_search.go:230.2,233.36 2 0
madappgang.com/meroku/ai_agent_web_search.go:233.36,238.34 4 0
madappgang.com/meroku/ai_agent_web_search.go:238.34,241.4 2 0
madappgang.com/meroku/ai_agent_web_search.go:245.2,245.20 1 0
madappgang.com/meroku/ai_agent_web_search.go:249.74,254.16 4 0
madappgang.com/meroku/ai_agent_web_search.go:254.16,256.3 1 0
madappgang.com/meroku/ai_agent_web_search.go:258.2,262.16 4 0
madappgang.com/meroku/ai_agent_web_search.go:262.16,264.3 1 0
madappgang.com/meroku/ai_agent_web_search.go:265.2,268.16 3 0
madappgang.com/meroku/ai_agent_web_search.go:268.16,270.3 1 0
madappgang.com/meroku/ai_agent_web_search.go:273.2,276.22 2 0
madappgang.com/meroku/ai_agent_web_search.go:276.22,278.3 1 0
madappgang.com/meroku/ai_agent_web_search.go:280.2,280.166 1 0
madappgang.com/meroku/ai_helper.go:27.33,29.2 1 0
madappgang.com/meroku/ai_helper.go:32.29,44.2 7 0
madappgang.com/meroku/ai_helper.go:47.72,49.18 2 0
madappgang.com/meroku/ai_helper.go:49.18,51.3 1 0
madappgang.com/meroku/ai_helper.go:53.2,118.16 9 0
madappgang.com/meroku/ai_helper.go:118.16,120.3 1 0
madappgang.com/meroku/ai_helper.go:123.2,123.31 1 0
madappgang.com/meroku/ai_helper.go:123.31,125.3 1 0
madappgang.com/meroku/ai_helper.go:127.2,132.31 3 0
madappgang.com/meroku/ai_helper.go:136.58,143.29 6 0
madappgang.com/meroku/ai_helper.go:143.29,146.42 2 0
madappgang.com/meroku/ai_helper.go:146.42,149.12 3 0
madappgang.com/meroku/ai_helper.go:152.3,152.43 1 0
madappgang.com/meroku/ai_helper.go:152.43,155.12 3 0
madappgang.com/meroku/ai_helper.go:158.3,158.30 1 0
madappgang.com/meroku/ai_helper.go:158.30,159.25 1 0
madappgang.com/meroku/ai_helper.go:159.25,161.5 1 0
madappgang.com/meroku/ai_helper.go:162.4,162.29 1 0
madappgang.com/meroku/ai_helper.go:165.3,165.64 1 0
madappgang.com/meroku/ai_helper.go:165.64,167.4 1 0
madappgang.com/meroku/ai_helper.go:170.2,170.35 1 0
madappgang.com/meroku/ai_helper.go:174.62,176.2 1 0
madappgang.com/meroku/ai_helper.go:179.98,183.29 2 0
madappgang.com/meroku/ai_helper.go:183.29,197.38 7 0
madappgang.com/meroku/ai_helper.go:197.38,200.4 2 0
madappgang.com/meroku/ai_helper.go:203.2,234.31 16 0
madappgang.com/meroku/ai_helper.go:234.31,236.3 1 0
madappgang.com/meroku/ai_helper.go:238.2,247.15 6 0
madappgang.com/meroku/ai_helper.go:251.36,252.28 1 0
madappgang.com/meroku/ai_helper.go:252.28,254.3 1 0
madappgang.com/meroku/ai_helper.go:256.2,256.24 1 0
madappgang.com/meroku/ai_helper.go:256.24,258.3 1 0
madappgang.com/meroku/ai_helper.go:260.2,261.16 2 0
madappgang.com/meroku/ai_helper.go:261.16,264.3 2 0
madappgang.com/meroku/ai_helper.go:266.2,269.14 3 0
madappgang.com/meroku/anthropic_visual.go:79.76,81.18 2 0
madappgang.com/meroku/anthropic_visual.go:81.18,83.3 1 0
madappgang.com/meroku/anthropic_visual.go:86.2,95.12 6 0
madappgang.com/meroku/anthropic_visual.go:95.12,96.10 1 0
madappgang.com/meroku/anthropic_visual.go:97.18,99.12 2 0
madappgang.com/meroku/anthropic_visual.go:100.21,101.10 1 0
madappgang.com/meroku/anthropic_visual.go:105.2,111.16 5 0
madappgang.com/meroku/anthropic_visual.go:111.16,113.3 1 0
madappgang.com/meroku/anthropic_visual.go:116.2,121.26 4 0
madappgang.com/meroku/anthropic_visual.go:121.26,125.3 3 0
madappgang.com/meroku/anthropic_visual.go:129.2,133.72 4 0
madappgang.com/meroku/anthropic_visual.go:133.72,135.54 2 0
madappgang.com/meroku/anthropic_visual.go:135.54,137.4 1 0
madappgang.com/meroku/anthropic_visual.go:138.3,138.70 1 0
madappgang.com/meroku/anthropic_visual.go:138.70,140.4 1 0
madappgang.com/meroku/anthropic_visual.go:141.3,141.70 1 0
madappgang.com/meroku/anthropic_visual.go:141.70,143.4 1 0
madappgang.com/meroku/anthropic_visual.go:144.3,144.70 1 0
madappgang.com/meroku/anthropic_visual.go:144.70,146.4 1 0
madappgang.com/meroku/anthropic_visual.go:147.3,147.73 1 0
madappgang.com/meroku/anthropic_visual.go:147.73,149.4 1 0
madappgang.com/meroku/anthropic_visual.go:152.2,168.16 4 0
madappgang.com/meroku/anthropic_visual.go:168.16,170.3 1 0
madappgang.com/meroku/anthropic_visual.go:173.2,174.16 2 0
madappgang.com/meroku/anthropic_visual.go:174.16,176.3 1 0
madappgang.com/meroku/anthropic_visual.go:178.2,184.16 6 0
madappgang.com/meroku/anthropic_visual.go:184.16,186.3 1 0
madappgang.com/meroku/anthropic_visual.go:187.2,189.38 2 0
madappgang.com/meroku/anthropic_visual.go:189.38,191.92 2 0
madappgang.com/meroku/anthropic_visual.go:191.92,193.4 1 0
madappgang.com/meroku/anthropic_visual.go:194.3,194.92 1 0
madappgang.com/meroku/anthropic_visual.go:198.2,206.21 7 0
madappgang.com/meroku/anthropic_visual.go:206.21,208.10 1 0
madappgang.com/meroku/anthropic_visual.go:209.21,211.42 2 0
madappgang.com/meroku/anthropic_visual.go:212.11,212.11 0 0
madappgang.com/meroku/anthropic_visual.go:216.3,219.17 2 0
madappgang.com/meroku/anthropic_visual.go:219.17,220.12 1 0
madappgang.com/meroku/anthropic_visual.go:224.3,224.40 1 0
madappgang.com/meroku/anthropic_visual.go:224.40,228.24 2 0
madappgang.com/meroku/anthropic_visual.go:228.24,229.13 1 0
madappgang.com/meroku/anthropic_visual.go:232.4,233.63 2 0
madappgang.com/meroku/anthropic_visual.go:233.63,234.13 1 0
madappgang.com/meroku/anthropic_visual.go:238.4,238.69 1 0
madappgang.com/meroku/anthropic_visual.go:238.69,245.5 4 0
madappgang.com/meroku/anthropic_visual.go:249.2,249.38 1 0
madappgang.com/meroku/anthropic_visual.go:249.38,251.3 1 0
madappgang.com/meroku/anthropic_visual.go:254.2,254.9 1 0
madappgang.com/meroku/anthropic_visual.go:255.20,256.41 1 0
madappgang.com/meroku/anthropic_visual.go:257.10,257.10 0 0
madappgang.com/meroku/anthropic_visual.go:261.2,264.28 2 0
madappgang.com/meroku/anthropic_visual.go:264.28,266.3 1 0
madappgang.com/meroku/anthropic_visual.go:269.2,270.16 2 0
madappgang.com/meroku/anthropic_visual.go:270.16,272.3 1 0
madappgang.com/meroku/anthropic_visual.go:273.2,275.69 2 0
madappgang.com/meroku/anthropic_visual.go:275.69,277.3 1 0
madappgang.com/meroku/anthropic_visual.go:279.2,283.52 3 0
madappgang.com/meroku/anthropic_visual.go:283.52,285.3 1 0
madappgang.com/meroku/anthropic_visual.go:286.2,294.12 6 0
madappgang.com/meroku/anthropic_visual.go:294.12,297.3 2 0
madappgang.com/meroku/anthropic_visual.go:299.2,299.9 1 0
madappgang.com/meroku/anthropic_visual.go:300.14,300.14 0 0
madappgang.com/meroku/anthropic_visual.go:302.20,304.50 1 0
madappgang.com/meroku/anthropic_visual.go:308.2,310.12 2 0
madappgang.com/meroku/anthropic_visual.go:314.64,316.2 1 0
madappgang.com/meroku/anthropic_visual.go:318.36,322.22 3 0
madappgang.com/meroku/anthropic_visual.go:323.17,325.54 2 0
madappgang.com/meroku/anthropic_visual.go:326.16,328.23 2 0
madappgang.com/meroku/anthropic_visual.go:329.10,331.23 2 0
madappgang.com/meroku/anthropic_visual.go:334.2,334.43 1 0
madappgang.com/meroku/api.go:42.61,43.54 1 0
madappgang.com/meroku/api.go:43.54,52.28 6 0
madappgang.com/meroku/api.go:52.28,55.4 2 0
madappgang.com/meroku/api.go:57.3,57.13 1 0
madappgang.com/meroku/api.go:61.62,62.32 1 0
madappgang.com/meroku/api.go:62.32,65.3 2 0
madappgang.com/meroku/api.go:67.2,71.16 3 0
madappgang.com/meroku/api.go:71.16,75.3 3 0
madappgang.com/meroku/api.go:77.2,77.29 1 0
madappgang.com/meroku/api.go:77.29,78.63 1 0
madappgang.com/meroku/api.go:78.63,86.35 3 0
madappgang.com/meroku/api.go:86.35,91.50 3 0
madappgang.com/meroku/api.go:91.50,93.6 1 0
madappgang.com/meroku/api.go:96.4,96.44 1 0
madappgang.com/meroku/api.go:100.2,101.41 2 0
madappgang.com/meroku/api.go:104.67,105.32 1 0
madappgang.com/meroku/api.go:105.32,108.3 2 0
madappgang.com/meroku/api.go:110.2,111.19 2 0
madappgang.com/meroku/api.go:111.19,115.3 3 0
madappgang.com/meroku/api.go:117.2,120.16 3 0
madappgang.com/meroku/api.go:120.16,121.25 1 0
madappgang.com/meroku/api.go:121.25,124.4 2 0
madappgang.com/meroku/api.go:124.9,127.4 2 0
madappgang.com/meroku/api.go:128.3,128.9 1 0
madappgang.com/meroku/api.go:131.2,132.69 2 0
madappgang.com/meroku/api.go:135.70,136.63 1 0
madappgang.com/meroku/api.go:136.63,139.3 2 0
madappgang.com/meroku/api.go:141.2,142.19 2 0
madappgang.com/meroku/api.go:142.19,146.3 3 0
madappgang.com/meroku/api.go:148.2,149.16 2 0
madappgang.com/meroku/api.go:149.16,153.3 3 0
madappgang.com/meroku/api.go:154.2,160.51 3 0
madappgang.com/meroku/api.go:160.51,164.3 3 0
madappgang.com/meroku/api.go:166.2,169.16 3 0
madappgang.com/meroku/api.go:169.16,173.3 3 0
madappgang.com/meroku/api.go:175.2,176.95 2 0
madappgang.com/meroku/api.go:185.64,186.32 1 0
madappgang.com/meroku/api.go:186.32,189.3 2 0
madappgang.com/meroku/api.go:192.2,197.30 2 0
madappgang.com/meroku/api.go:197.30,202.17 3 0
madappgang.com/meroku/api.go:202.17,205.45 3 0
madappgang.com/meroku/api.go:205.45,207.5 1 0
madappgang.com/meroku/api.go:208.4,208.35 1 0
madappgang.com/meroku/api.go:212.2,213.40 2 0
madappgang.com/meroku/api.go:280.61,281.32 1 0
madappgang.com/meroku/api.go:281.32,284.3 2 0
madappgang.com/meroku/api.go:286.2,287.16 2 0
madappgang.com/meroku/api.go:287.16,291.3 3 0
madappgang.com/meroku/api.go:293.2,295.16 3 0
madappgang.com/meroku/api.go:295.16,299.3 3 0
madappgang.com/meroku/api.go:301.2,303.29 3 0
madappgang.com/meroku/api.go:303.29,305.75 2 0
madappgang.com/meroku/api.go:305.75,309.4 3 0
madappgang.com/meroku/api.go:312.2,313.37 2 0
madappgang.com/meroku/api.go:316.64,317.32 1 0
madappgang.com/meroku/api.go:317.32,320.3 2 0
madappgang.com/meroku/api.go:322.2,323.19 2 0
madappgang.com/meroku/api.go:323.19,327.3 3 0
madappgang.com/meroku/api.go:330.2,332.16 3 0
madappgang.com/meroku/api.go:332.16,336.3 3 0
madappgang.com/meroku/api.go:338.2,339.60 2 0
madappgang.com/meroku/api.go:339.60,343.3 3 0
madappgang.com/meroku/api.go:346.2,351.16 4 0
madappgang.com/meroku/api.go:351.16,355.3 3 0
madappgang.com/meroku/api.go:358.2,369.51 4 0
madappgang.com/meroku/api.go:369.51,371.32 2 0
madappgang.com/meroku/api.go:371.32,373.4 1 0
madappgang.com/meroku/api.go:374.3,374.28 1 0
madappgang.com/meroku/api.go:374.28,376.4 1 0
madappgang.com/meroku/api.go:377.3,380.30 4 0
madappgang.com/meroku/api.go:380.30,381.45 1 0
madappgang.com/meroku/api.go:381.45,382.68 1 0
madappgang.com/meroku/api.go:382.68,384.6 1 0
madappgang.com/meroku/api.go:387.3,387.39 1 0
madappgang.com/meroku/api.go:387.39,389.4 1 0
madappgang.com/meroku/api.go:392.2,393.40 2 0
madappgang.com/meroku/api.go:396.64,397.32 1 0
madappgang.com/meroku/api.go:397.32,400.3 2 0
madappgang.com/meroku/api.go:402.2,403.19 2 0
madappgang.com/meroku/api.go:403.19,407.3 3 0
madappgang.com/meroku/api.go:410.2,412.16 3 0
madappgang.com/meroku/api.go:412.16,416.3 3 0
madappgang.com/meroku/api.go:418.2,419.60 2 0
madappgang.com/meroku/api.go:419.60,423.3 3 0
madappgang.com/meroku/api.go:425.2,430.16 4 0
madappgang.com/meroku/api.go:430.16,434.3 3 0
madappgang.com/meroku/api.go:436.2,450.55 6 0
madappgang.com/meroku/api.go:450.55,457.53 2 0
madappgang.com/meroku/api.go:457.53,459.102 2 0
madappgang.com/meroku/api.go:459.102,461.5 1 0
madappgang.com/meroku/api.go:465.2,468.24 2 0
madappgang.com/meroku/api.go:468.24,473.50 2 0
madappgang.com/meroku/api.go:473.50,482.45 3 0
madappgang.com/meroku/api.go:482.45,489.5 2 0
madappgang.com/meroku/api.go:492.4,493.48 2 0
madappgang.com/meroku/api.go:493.48,495.73 2 0
madappgang.com/meroku/api.go:495.73,497.6 1 0
madappgang.com/meroku/api.go:499.5,507.43 3 0
madappgang.com/meroku/api.go:511.4,511.26 1 0
madappgang.com/meroku/api.go:511.26,513.5 1 0
madappgang.com/meroku/api.go:515.8,515.24 1 0
madappgang.com/meroku/api.go:515.24,526.44 2 0
madappgang.com/meroku/api.go:526.44,545.18 5 0
madappgang.com/meroku/api.go:545.18,547.49 2 0
madappgang.com/meroku/api.go:547.49,549.74 2 0
madappgang.com/meroku/api.go:549.74,551.7 1 0
madappgang.com/meroku/api.go:553.6,561.44 3 0
madappgang.com/meroku/api.go:565.5,565.27 1 0
madappgang.com/meroku/api.go:565.27,567.6 1 0
madappgang.com/meroku/api.go:573.2,576.48 3 0
madappgang.com/meroku/api.go:576.48,578.42 1 0
madappgang.com/meroku/api.go:578.42,579.45 1 0
madappgang.com/meroku/api.go:579.45,594.19 3 0
madappgang.com/meroku/api.go:594.19,596.6 1 0
madappgang.com/meroku/api.go:597.5,597.10 1 0
madappgang.com/meroku/api.go:602.2,603.40 2 0
madappgang.com/meroku/api.go:606.65,607.32 1 0
madappgang.com/meroku/api.go:607.32,610.3 2 0
madappgang.com/meroku/api.go:612.2,613.19 2 0
madappgang.com/meroku/api.go:613.19,617.3 3 0
madappgang.com/meroku/api.go:620.2,622.16 3 0
madappgang.com/meroku/api.go:622.16,626.3 3 0
madappgang.com/meroku/api.go:628.2,629.60 2 0
madappgang.com/meroku/api.go:629.60,633.3 3 0
madappgang.com/meroku/api.go:635.2,640.16 4 0
madappgang.com/meroku/api.go:640.16,644.3 3 0
madappgang.com/meroku/api.go:646.2,659.55 4 0
madappgang.com/meroku/api.go:659.55,666.17 2 0
madappgang.com/meroku/api.go:666.17,667.52 1 0
madappgang.com/meroku/api.go:667.52,676.38 2 0
madappgang.com/meroku/api.go:676.38,679.24 2 0
madappgang.com/meroku/api.go:679.24,681.7 1 0
madappgang.com/meroku/api.go:683.5,683.71 1 0
madappgang.com/meroku/api.go:689.2,689.37 1 0
madappgang.com/meroku/api.go:689.37,690.49 1 0
madappgang.com/meroku/api.go:690.49,697.4 1 0
madappgang.com/meroku/api.go:701.2,701.42 1 0
madappgang.com/meroku/api.go:701.42,702.54 1 0
madappgang.com/meroku/api.go:702.54,709.4 1 0
madappgang.com/meroku/api.go:713.2,716.41 3 0
madappgang.com/meroku/api.go:754.49,755.26 1 0
madappgang.com/meroku/api.go:755.26,757.3 1 0
madappgang.com/meroku/api.go:758.2,758.31 1 0
madappgang.com/meroku/api.go:758.31,759.27 1 0
madappgang.com/meroku/api.go:759.27,761.4 1 0
madappgang.com/meroku/api.go:763.2,763.13 1 0
madappgang.com/meroku/api.go:766.60,767.32 1 0
madappgang.com/meroku/api.go:767.32,770.3 2 0
madappgang.com/meroku/api.go:772.2,776.16 3 0
madappgang.com/meroku/api.go:776.16,780.3 3 0
madappgang.com/meroku/api.go:782.2,782.29 1 0
madappgang.com/meroku/api.go:782.29,783.63 1 0
madappgang.com/meroku/api.go:783.63,788.18 3 0
madappgang.com/meroku/api.go:788.18,789.13 1 0
madappgang.com/meroku/api.go:793.4,793.69 1 0
madappgang.com/meroku/api.go:793.69,803.5 2 0
madappgang.com/meroku/api.go:807.2,808.65 2 0
madappgang.com/meroku/api.go:812.71,813.33 1 0
madappgang.com/meroku/api.go:813.33,816.3 2 0
madappgang.com/meroku/api.go:818.2,819.16 2 0
madappgang.com/meroku/api.go:819.16,823.3 3 0
madappgang.com/meroku/api.go:824.2,827.51 3 0
madappgang.com/meroku/api.go:827.51,831.3 3 0
madappgang.com/meroku/api.go:834.2,834.48 1 0
madappgang.com/meroku/api.go:834.48,838.3 3 0
madappgang.com/meroku/api.go:840.2,840.36 1 0
madappgang.com/meroku/api.go:840.36,844.3 3 0
madappgang.com/meroku/api.go:847.2,848.16 2 0
madappgang.com/meroku/api.go:848.16,852.3 3 0
madappgang.com/meroku/api.go:855.2,855.38 1 0
madappgang.com/meroku/api.go:855.38,859.3 3 0
madappgang.com/meroku/api.go:861.2,861.31 1 0
madappgang.com/meroku/api.go:861.31,865.3 3 0
madappgang.com/meroku/api.go:868.2,868.47 1 0
madappgang.com/meroku/api.go:868.47,872.3 3 0
madappgang.com/meroku/api.go:875.2,876.16 2 0
madappgang.com/meroku/api.go:876.16,880.3 3 0
madappgang.com/meroku/api.go:882.2,882.31 1 0
madappgang.com/meroku/api.go:882.31,886.3 3 0
madappgang.com/meroku/api.go:889.2,889.47 1 0
madappgang.com/meroku/api.go:889.47,893.3 3 0
madappgang.com/meroku/api.go:896.2,909.50 6 0
madappgang.com/meroku/api.go:909.50,910.79 1 0
madappgang.com/meroku/api.go:910.79,912.9 2 0
madappgang.com/meroku/api.go:916.2,916.18 1 0
madappgang.com/meroku/api.go:916.18,918.3 1 0
madappgang.com/meroku/api.go:921.2,921.88 1 0
madappgang.com/meroku/api.go:921.88,925.3 3 0
madappgang.com/meroku/api.go:927.2,927.88 1 0
madappgang.com/meroku/api.go:927.88,931.3 3 0
madappgang.com/meroku/api.go:934.2,958.37 9 0
madappgang.com/meroku/api.go:963.79,964.33 1 0
madappgang.com/meroku/api.go:964.33,967.3 2 0
madappgang.com/meroku/api.go:969.2,974.61 2 0
madappgang.com/meroku/api.go:974.61,978.3 3 0
madappgang.com/meroku/api.go:979.2,982.52 2 0
madappgang.com/meroku/api.go:982.52,986.3 3 0
madappgang.com/meroku/api.go:989.2,989.45 1 0
madappgang.com/meroku/api.go:989.45,993.3 3 0
madappgang.com/meroku/api.go:996.2,997.16 2 0
madappgang.com/meroku/api.go:997.16,1001.3 3 0
madappgang.com/meroku/api.go:1004.2,1004.38 1 0
madappgang.com/meroku/api.go:1004.38,1008.3 3 0
madappgang.com/meroku/api.go:1011.2,1014.32 3 0
madappgang.com/meroku/api.go:1014.32,1019.3 1 0
madappgang.com/meroku/api.go:1019.8,1023.3 1 0
madappgang.com/meroku/api.go:1025.2,1025.16 1 0
madappgang.com/meroku/api.go:1025.16,1029.3 3 0
madappgang.com/meroku/api.go:1032.2,1040.16 4 0
madappgang.com/meroku/api.go:1040.16,1042.73 1 0
madappgang.com/meroku/api.go:1042.73,1051.4 3 0
madappgang.com/meroku/api.go:1054.3,1054.67 1 0
madappgang.com/meroku/api.go:1054.67,1063.4 3 0
madappgang.com/meroku/api.go:1066.3,1068.9 3 0
madappgang.com/meroku/api.go:1072.2,1073.36 2 0
madappgang.com/meroku/api.go:1073.36,1080.46 3 0
madappgang.com/meroku/api.go:1080.46,1082.4 1 0
madappgang.com/meroku/api.go:1086.2,1092.4 2 0
madappgang.com/meroku/api_amplify.go:49.61,50.32 1 0
madappgang.com/meroku/api_amplify.go:50.32,53.3 2 0
madappgang.com/meroku/api_amplify.go:56.2,57.15 2 0
madappgang.com/meroku/api_amplify.go:57.15,60.3 2 0
madappgang.com/meroku/api_amplify.go:63.2,68.16 4 0
madappgang.com/meroku/api_amplify.go:68.16,71.3 2 0
madappgang.com/meroku/api_amplify.go:74.2,78.16 3 0
madappgang.com/meroku/api_amplify.go:78.16,81.3 2 0
madappgang.com/meroku/api_amplify.go:84.2,85.40 2 0
madappgang.com/meroku/api_amplify.go:85.40,87.40 1 0
madappgang.com/meroku/api_amplify.go:87.40,88.12 1 0
madappgang.com/meroku/api_amplify.go:91.3,105.99 3 0
madappgang.com/meroku/api_amplify.go:105.99,107.4 1 0
madappgang.com/meroku/api_amplify.go:110.3,113.17 2 0
madappgang.com/meroku/api_amplify.go:113.17,116.12 2 0
madappgang.com/meroku/api_amplify.go:120.3,120.52 1 0
madappgang.com/meroku/api_amplify.go:120.52,140.56 4 0
madappgang.com/meroku/api_amplify.go:140.56,145.31 3 0
madappgang.com/meroku/api_amplify.go:145.31,151.42 2 0
madappgang.com/meroku/api_amplify.go:151.42,153.29 2 0
madappgang.com/meroku/api_amplify.go:153.29,155.70 2 0
madappgang.com/meroku/api_amplify.go:155.70,158.9 2 0
madappgang.com/meroku/api_amplify.go:159.8,161.58 3 0
madappgang.com/meroku/api_amplify.go:167.4,167.59 1 0
madappgang.com/meroku/api_amplify.go:170.3,170.31 1 0
madappgang.com/meroku/api_amplify.go:174.2,179.60 3 0
madappgang.com/meroku/api_amplify.go:179.60,182.3 2 0
madappgang.com/meroku/api_amplify.go:186.65,187.17 1 0
madappgang.com/meroku/api_amplify.go:187.17,189.3 1 0
madappgang.com/meroku/api_amplify.go:192.2,192.60 1 0
madappgang.com/meroku/api_amplify.go:192.60,194.3 1 0
madappgang.com/meroku/api_amplify.go:197.2,197.52 1 0
madappgang.com/meroku/api_amplify.go:197.52,199.3 1 0
madappgang.com/meroku/api_amplify.go:201.2,201.14 1 0
madappgang.com/meroku/api_amplify.go:205.79,208.19 2 0
madappgang.com/meroku/api_amplify.go:208.19,210.3 1 0
madappgang.com/meroku/api_amplify.go:212.2,212.49 1 0
madappgang.com/meroku/api_amplify.go:216.66,217.32 1 0
madappgang.com/meroku/api_amplify.go:217.32,220.3 2 0
madappgang.com/meroku/api_amplify.go:223.2,227.52 4 0
madappgang.com/meroku/api_amplify.go:227.52,230.3 2 0
madappgang.com/meroku/api_amplify.go:233.2,238.16 4 0
madappgang.com/meroku/api_amplify.go:238.16,241.3 2 0
madappgang.com/meroku/api_amplify.go:244.2,252.16 3 0
madappgang.com/meroku/api_amplify.go:252.16,255.3 2 0
madappgang.com/meroku/api_amplify.go:258.2,259.52 2 0
madappgang.com/meroku/api_amplify.go:259.52,260.42 1 0
madappgang.com/meroku/api_amplify.go:260.42,261.48 1 0
madappgang.com/meroku/api_amplify.go:261.48,263.10 2 0
madappgang.com/meroku/api_amplify.go:268.2,274.60 3 0
madappgang.com/meroku/api_amplify.go:274.60,277.3 2 0
madappgang.com/meroku/api_amplify.go:281.66,282.33 1 0
madappgang.com/meroku/api_amplify.go:282.33,285.3 2 0
madappgang.com/meroku/api_amplify.go:288.2,293.61 2 0
madappgang.com/meroku/api_amplify.go:293.61,296.3 2 0
madappgang.com/meroku/api_amplify.go:298.2,298.45 1 0
madappgang.com/meroku/api_amplify.go:298.45,301.3 2 0
madappgang.com/meroku/api_amplify.go:304.2,306.16 3 0
madappgang.com/meroku/api_amplify.go:306.16,309.3 2 0
madappgang.com/meroku/api_amplify.go:312.2,320.16 3 0
madappgang.com/meroku/api_amplify.go:320.16,323.3 2 0
madappgang.com/meroku/api_amplify.go:325.2,332.60 3 0
madappgang.com/meroku/api_amplify.go:332.60,335.3 2 0
madappgang.com/meroku/api_autoscaling.go:76.68,77.32 1 0
madappgang.com/meroku/api_autoscaling.go:77.32,80.3 2 0
madappgang.com/meroku/api_autoscaling.go:82.2,85.40 3 0
madappgang.com/meroku/api_autoscaling.go:85.40,89.3 3 0
madappgang.com/meroku/api_autoscaling.go:92.2,94.16 3 0
madappgang.com/meroku/api_autoscaling.go:94.16,98.3 3 0
madappgang.com/meroku/api_autoscaling.go:100.2,101.60 2 0
madappgang.com/meroku/api_autoscaling.go:101.60,105.3 3 0
madappgang.com/meroku/api_autoscaling.go:108.2,114.16 5 0
madappgang.com/meroku/api_autoscaling.go:114.16,118.3 3 0
madappgang.com/meroku/api_autoscaling.go:121.2,132.51 4 0
madappgang.com/meroku/api_autoscaling.go:132.51,137.36 3 0
madappgang.com/meroku/api_autoscaling.go:137.36,141.57 2 0
madappgang.com/meroku/api_autoscaling.go:141.57,146.5 4 0
madappgang.com/meroku/api_autoscaling.go:151.2,160.58 4 0
madappgang.com/meroku/api_autoscaling.go:160.58,172.17 6 0
madappgang.com/meroku/api_autoscaling.go:172.17,173.58 1 0
madappgang.com/meroku/api_autoscaling.go:173.58,174.63 1 0
madappgang.com/meroku/api_autoscaling.go:174.63,175.81 1 0
madappgang.com/meroku/api_autoscaling.go:175.81,177.7 1 0
madappgang.com/meroku/api_autoscaling.go:177.12,177.91 1 0
madappgang.com/meroku/api_autoscaling.go:177.91,179.7 1 0
madappgang.com/meroku/api_autoscaling.go:185.3,191.64 2 0
madappgang.com/meroku/api_autoscaling.go:191.64,198.4 2 0
madappgang.com/meroku/api_autoscaling.go:202.2,220.49 5 0
madappgang.com/meroku/api_autoscaling.go:220.49,222.3 1 0
madappgang.com/meroku/api_autoscaling.go:225.2,238.52 2 0
madappgang.com/meroku/api_autoscaling.go:238.52,240.3 1 0
madappgang.com/meroku/api_autoscaling.go:242.2,243.44 2 0
madappgang.com/meroku/api_autoscaling.go:246.71,247.32 1 0
madappgang.com/meroku/api_autoscaling.go:247.32,250.3 2 0
madappgang.com/meroku/api_autoscaling.go:252.2,256.40 4 0
madappgang.com/meroku/api_autoscaling.go:256.40,260.3 3 0
madappgang.com/meroku/api_autoscaling.go:262.2,263.20 2 0
madappgang.com/meroku/api_autoscaling.go:263.20,265.3 1 0
madappgang.com/meroku/api_autoscaling.go:268.2,270.16 3 0
madappgang.com/meroku/api_autoscaling.go:270.16,274.3 3 0
madappgang.com/meroku/api_autoscaling.go:276.2,277.60 2 0
madappgang.com/meroku/api_autoscaling.go:277.60,281.3 3 0
madappgang.com/meroku/api_autoscaling.go:283.2,289.16 5 0
madappgang.com/meroku/api_autoscaling.go:289.16,293.3 3 0
madappgang.com/meroku/api_autoscaling.go:296.2,311.16 6 0
madappgang.com/meroku/api_autoscaling.go:311.16,312.63 1 0
madappgang.com/meroku/api_autoscaling.go:312.63,313.43 1 0
madappgang.com/meroku/api_autoscaling.go:313.43,321.65 3 0
madappgang.com/meroku/api_autoscaling.go:321.65,329.85 4 0
madappgang.com/meroku/api_autoscaling.go:329.85,330.52 1 0
madappgang.com/meroku/api_autoscaling.go:330.52,332.8 1 0
madappgang.com/meroku/api_autoscaling.go:332.13,334.8 1 0
madappgang.com/meroku/api_autoscaling.go:335.7,335.37 1 0
madappgang.com/meroku/api_autoscaling.go:339.5,339.51 1 0
madappgang.com/meroku/api_autoscaling.go:344.2,345.36 2 0
madappgang.com/meroku/api_autoscaling.go:348.64,349.32 1 0
madappgang.com/meroku/api_autoscaling.go:349.32,352.3 2 0
madappgang.com/meroku/api_autoscaling.go:354.2,357.40 3 0
madappgang.com/meroku/api_autoscaling.go:357.40,361.3 3 0
madappgang.com/meroku/api_autoscaling.go:364.2,366.16 3 0
madappgang.com/meroku/api_autoscaling.go:366.16,370.3 3 0
madappgang.com/meroku/api_autoscaling.go:372.2,373.60 2 0
madappgang.com/meroku/api_autoscaling.go:373.60,377.3 3 0
madappgang.com/meroku/api_autoscaling.go:379.2,385.16 5 0
madappgang.com/meroku/api_autoscaling.go:385.16,389.3 3 0
madappgang.com/meroku/api_autoscaling.go:391.2,421.16 7 0
madappgang.com/meroku/api_autoscaling.go:421.16,422.50 1 0
madappgang.com/meroku/api_autoscaling.go:422.50,427.4 1 0
madappgang.com/meroku/api_autoscaling.go:431.2,441.16 2 0
madappgang.com/meroku/api_autoscaling.go:441.16,442.53 1 0
madappgang.com/meroku/api_autoscaling.go:442.53,447.4 1 0
madappgang.com/meroku/api_autoscaling.go:451.2,461.16 2 0
madappgang.com/meroku/api_autoscaling.go:461.16,462.56 1 0
madappgang.com/meroku/api_autoscaling.go:462.56,467.4 1 0
madappgang.com/meroku/api_autoscaling.go:470.2,471.36 2 0
madappgang.com/meroku/api_autoscaling.go:475.66,476.30 1 0
madappgang.com/meroku/api_autoscaling.go:476.30,478.3 1 0
madappgang.com/meroku/api_autoscaling.go:479.2,479.67 1 0
madappgang.com/meroku/api_autoscaling.go:483.52,487.2 3 0
madappgang.com/meroku/api_buckets.go:56.58,57.32 1 0
madappgang.com/meroku/api_buckets.go:57.32,60.3 2 0
madappgang.com/meroku/api_buckets.go:63.2,64.19 2 0
madappgang.com/meroku/api_buckets.go:64.19,68.3 3 0
madappgang.com/meroku/api_buckets.go:71.2,73.16 3 0
madappgang.com/meroku/api_buckets.go:73.16,77.3 3 0
madappgang.com/meroku/api_buckets.go:79.2,80.60 2 0
madappgang.com/meroku/api_buckets.go:80.60,84.3 3 0
madappgang.com/meroku/api_buckets.go:87.2,89.16 3 0
madappgang.com/meroku/api_buckets.go:89.16,93.3 3 0
madappgang.com/meroku/api_buckets.go:96.2,102.44 4 0
madappgang.com/meroku/api_buckets.go:102.44,104.3 1 0
madappgang.com/meroku/api_buckets.go:107.2,117.86 2 0
madappgang.com/meroku/api_buckets.go:117.86,119.34 2 0
madappgang.com/meroku/api_buckets.go:119.34,121.4 1 0
madappgang.com/meroku/api_buckets.go:124.2,127.46 2 0
madappgang.com/meroku/api_buckets.go:127.46,140.60 3 0
madappgang.com/meroku/api_buckets.go:140.60,142.4 1 0
madappgang.com/meroku/api_buckets.go:145.3,145.35 1 0
madappgang.com/meroku/api_buckets.go:145.35,146.45 1 0
madappgang.com/meroku/api_buckets.go:146.45,155.42 2 0
madappgang.com/meroku/api_buckets.go:155.42,157.6 1 0
madappgang.com/meroku/api_buckets.go:158.5,158.42 1 0
madappgang.com/meroku/api_buckets.go:158.42,160.6 1 0
madappgang.com/meroku/api_buckets.go:161.5,161.42 1 0
madappgang.com/meroku/api_buckets.go:161.42,163.6 1 0
madappgang.com/meroku/api_buckets.go:164.5,164.41 1 0
madappgang.com/meroku/api_buckets.go:164.41,166.6 1 0
madappgang.com/meroku/api_buckets.go:167.5,167.36 1 0
madappgang.com/meroku/api_buckets.go:167.36,169.6 1 0
madappgang.com/meroku/api_buckets.go:170.5,170.58 1 0
madappgang.com/meroku/api_buckets.go:175.3,175.80 1 0
madappgang.com/meroku/api_buckets.go:175.80,177.38 2 0
madappgang.com/meroku/api_buckets.go:177.38,179.5 1 0
madappgang.com/meroku/api_buckets.go:181.4,181.35 1 0
madappgang.com/meroku/api_buckets.go:181.35,183.5 1 0
madappgang.com/meroku/api_buckets.go:186.3,186.36 1 0
madappgang.com/meroku/api_buckets.go:190.2,191.37 2 0
madappgang.com/meroku/api_buckets.go:191.37,195.45 3 0
madappgang.com/meroku/api_buckets.go:195.45,196.122 1 0
madappgang.com/meroku/api_buckets.go:196.122,199.31 2 0
madappgang.com/meroku/api_buckets.go:199.31,200.32 1 0
madappgang.com/meroku/api_buckets.go:200.32,202.12 2 0
madappgang.com/meroku/api_buckets.go:206.5,206.15 1 0
madappgang.com/meroku/api_buckets.go:206.15,217.36 2 0
madappgang.com/meroku/api_buckets.go:217.36,220.7 2 0
madappgang.com/meroku/api_buckets.go:223.6,223.85 1 0
madappgang.com/meroku/api_buckets.go:223.85,226.38 3 0
madappgang.com/meroku/api_buckets.go:226.38,228.8 1 0
madappgang.com/meroku/api_buckets.go:231.6,231.49 1 0
madappgang.com/meroku/api_buckets.go:237.2,238.36 2 0
madappgang.com/meroku/api_buckets.go:250.99,259.16 3 0
madappgang.com/meroku/api_buckets.go:259.16,262.3 1 0
madappgang.com/meroku/api_buckets.go:265.2,268.43 2 0
madappgang.com/meroku/api_buckets.go:268.43,269.71 1 0
madappgang.com/meroku/api_buckets.go:269.71,271.4 1 0
madappgang.com/meroku/api_buckets.go:271.9,271.80 1 0
madappgang.com/meroku/api_buckets.go:271.80,273.4 1 0
madappgang.com/meroku/api_buckets.go:273.9,275.4 1 0
madappgang.com/meroku/api_buckets.go:279.2,282.87 2 0
madappgang.com/meroku/api_buckets.go:282.87,289.3 2 0
madappgang.com/meroku/api_buckets.go:292.2,295.70 2 0
madappgang.com/meroku/api_buckets.go:295.70,296.45 1 0
madappgang.com/meroku/api_buckets.go:296.45,299.34 2 0
madappgang.com/meroku/api_buckets.go:299.34,301.5 1 0
madappgang.com/meroku/api_buckets.go:302.4,302.34 1 0
madappgang.com/meroku/api_buckets.go:302.34,304.5 1 0
madappgang.com/meroku/api_buckets.go:305.4,305.34 1 0
madappgang.com/meroku/api_buckets.go:305.34,307.5 1 0
madappgang.com/meroku/api_buckets.go:308.4,308.33 1 0
madappgang.com/meroku/api_buckets.go:308.33,310.5 1 0
madappgang.com/meroku/api_buckets.go:311.4,311.33 1 0
madappgang.com/meroku/api_buckets.go:311.33,313.5 1 0
madappgang.com/meroku/api_buckets.go:315.4,315.53 1 0
madappgang.com/meroku/api_buckets.go:319.2,319.13 1 0
madappgang.com/meroku/api_eventbridge.go:34.60,35.33 1 0
madappgang.com/meroku/api_eventbridge.go:35.33,38.3 2 0
madappgang.com/meroku/api_eventbridge.go:41.2,42.16 2 0
madappgang.com/meroku/api_eventbridge.go:42.16,49.3 3 0
madappgang.com/meroku/api_eventbridge.go:50.2,53.51 3 0
madappgang.com/meroku/api_eventbridge.go:53.51,60.3 3 0
madappgang.com/meroku/api_eventbridge.go:63.2,63.46 1 0
madappgang.com/meroku/api_eventbridge.go:63.46,70.3 3 0
madappgang.com/meroku/api_eventbridge.go:73.2,73.23 1 0
madappgang.com/meroku/api_eventbridge.go:73.23,79.3 1 0
madappgang.com/meroku/api_eventbridge.go:82.2,84.16 3 0
madappgang.com/meroku/api_eventbridge.go:84.16,91.3 3 0
madappgang.com/meroku/api_eventbridge.go:94.2,98.16 3 0
madappgang.com/meroku/api_eventbridge.go:98.16,105.3 3 0
madappgang.com/meroku/api_eventbridge.go:108.2,121.16 4 0
madappgang.com/meroku/api_eventbridge.go:121.16,128.3 3 0
madappgang.com/meroku/api_eventbridge.go:131.2,131.60 1 0
madappgang.com/meroku/api_eventbridge.go:131.60,138.3 3 0
madappgang.com/meroku/api_eventbridge.go:141.2,142.65 2 0
madappgang.com/meroku/api_eventbridge.go:142.65,144.3 1 0
madappgang.com/meroku/api_eventbridge.go:146.2,151.4 2 0
madappgang.com/meroku/api_eventbridge.go:155.63,156.32 1 0
madappgang.com/meroku/api_eventbridge.go:156.32,159.3 2 0
madappgang.com/meroku/api_eventbridge.go:161.2,162.19 2 0
madappgang.com/meroku/api_eventbridge.go:162.19,166.3 3 0
madappgang.com/meroku/api_eventbridge.go:169.2,171.16 3 0
madappgang.com/meroku/api_eventbridge.go:171.16,175.3 3 0
madappgang.com/meroku/api_eventbridge.go:177.2,178.60 2 0
madappgang.com/meroku/api_eventbridge.go:178.60,182.3 3 0
madappgang.com/meroku/api_eventbridge.go:185.2,194.53 3 0
madappgang.com/meroku/api_eventbridge.go:194.53,202.3 1 0
madappgang.com/meroku/api_eventbridge.go:204.2,205.39 2 0
madappgang.com/meroku/api_github_oauth.go:69.71,70.33 1 0
madappgang.com/meroku/api_github_oauth.go:70.33,73.3 2 0
madappgang.com/meroku/api_github_oauth.go:75.2,82.61 2 0
madappgang.com/meroku/api_github_oauth.go:82.61,86.3 3 0
madappgang.com/meroku/api_github_oauth.go:88.2,88.23 1 0
madappgang.com/meroku/api_github_oauth.go:88.23,92.3 3 0
madappgang.com/meroku/api_github_oauth.go:94.2,94.48 1 0
madappgang.com/meroku/api_github_oauth.go:94.48,98.3 3 0
madappgang.com/meroku/api_github_oauth.go:101.2,102.21 2 0
madappgang.com/meroku/api_github_oauth.go:102.21,104.3 1 0
madappgang.com/meroku/api_github_oauth.go:107.2,110.16 3 0
madappgang.com/meroku/api_github_oauth.go:110.16,114.3 3 0
madappgang.com/meroku/api_github_oauth.go:117.2,122.16 5 0
madappgang.com/meroku/api_github_oauth.go:122.16,126.3 3 0
madappgang.com/meroku/api_github_oauth.go:127.2,130.16 3 0
madappgang.com/meroku/api_github_oauth.go:130.16,134.3 3 0
madappgang.com/meroku/api_github_oauth.go:137.2,137.53 1 0
madappgang.com/meroku/api_github_oauth.go:137.53,144.58 2 0
madappgang.com/meroku/api_github_oauth.go:144.58,145.56 1 0
madappgang.com/meroku/api_github_oauth.go:145.56,147.21 2 0
madappgang.com/meroku/api_github_oauth.go:147.21,149.6 1 0
madappgang.com/meroku/api_github_oauth.go:150.5,150.31 1 0
madappgang.com/meroku/api_github_oauth.go:150.31,152.6 1 0
madappgang.com/meroku/api_github_oauth.go:153.5,155.11 3 0
madappgang.com/meroku/api_github_oauth.go:158.3,160.9 3 0
madappgang.com/meroku/api_github_oauth.go:164.2,165.58 2 0
madappgang.com/meroku/api_github_oauth.go:165.58,169.3 3 0
madappgang.com/meroku/api_github_oauth.go:172.2,202.37 8 0
madappgang.com/meroku/api_github_oauth.go:207.74,208.32 1 0
madappgang.com/meroku/api_github_oauth.go:208.32,211.3 2 0
madappgang.com/meroku/api_github_oauth.go:213.2,214.20 2 0
madappgang.com/meroku/api_github_oauth.go:214.20,218.3 3 0
madappgang.com/meroku/api_github_oauth.go:220.2,224.13 4 0
madappgang.com/meroku/api_github_oauth.go:224.13,228.3 3 0
madappgang.com/meroku/api_github_oauth.go:231.2,231.82 1 0
madappgang.com/meroku/api_github_oauth.go:231.82,233.3 1 0
madappgang.com/meroku/api_github_oauth.go:235.2,241.36 2 0
madappgang.com/meroku/api_github_oauth.go:241.36,243.3 1 0
madappgang.com/meroku/api_github_oauth.go:243.8,243.38 1 0
madappgang.com/meroku/api_github_oauth.go:243.38,245.3 1 0
madappgang.com/meroku/api_github_oauth.go:247.2,248.37 2 0
madappgang.com/meroku/api_github_oauth.go:252.53,254.30 2 0
madappgang.com/meroku/api_github_oauth.go:254.30,256.3 1 0
madappgang.com/meroku/api_github_oauth.go:258.2,263.6 4 0
madappgang.com/meroku/api_github_oauth.go:263.6,264.10 1 0
madappgang.com/meroku/api_github_oauth.go:265.19,271.18 3 0
madappgang.com/meroku/api_github_oauth.go:271.18,272.13 1 0
madappgang.com/meroku/api_github_oauth.go:276.4,281.18 5 0
madappgang.com/meroku/api_github_oauth.go:281.18,282.13 1 0
madappgang.com/meroku/api_github_oauth.go:284.4,287.18 3 0
madappgang.com/meroku/api_github_oauth.go:287.18,288.13 1 0
madappgang.com/meroku/api_github_oauth.go:292.4,293.59 2 0
madappgang.com/meroku/api_github_oauth.go:293.59,294.13 1 0
madappgang.com/meroku/api_github_oauth.go:298.4,298.29 1 0
madappgang.com/meroku/api_github_oauth.go:298.29,299.51 1 0
madappgang.com/meroku/api_github_oauth.go:299.51,300.14 1 0
madappgang.com/meroku/api_github_oauth.go:301.11,301.46 1 0
madappgang.com/meroku/api_github_oauth.go:301.46,304.14 2 0
madappgang.com/meroku/api_github_oauth.go:305.11,312.6 5 0
madappgang.com/meroku/api_github_oauth.go:316.4,316.35 1 0
madappgang.com/meroku/api_github_oauth.go:316.35,325.52 7 0
madappgang.com/meroku/api_github_oauth.go:325.52,330.6 4 0
madappgang.com/meroku/api_github_oauth.go:332.5,332.11 1 0
madappgang.com/meroku/api_github_oauth.go:335.18,340.10 4 0
madappgang.com/meroku/api_github_oauth.go:346.56,351.16 3 0
madappgang.com/meroku/api_github_oauth.go:351.16,353.3 1 0
madappgang.com/meroku/api_github_oauth.go:355.2,368.12 4 0
madappgang.com/meroku/api_github_oauth.go:373.76,374.35 1 0
madappgang.com/meroku/api_github_oauth.go:374.35,377.3 2 0
madappgang.com/meroku/api_github_oauth.go:379.2,380.20 2 0
madappgang.com/meroku/api_github_oauth.go:380.20,384.3 3 0
madappgang.com/meroku/api_github_oauth.go:386.2,391.76 5 0
madappgang.com/meroku/api_github_oauth.go:395.31,399.21 3 1
madappgang.com/meroku/api_github_oauth.go:399.21,401.49 2 0
madappgang.com/meroku/api_github_oauth.go:401.49,402.99 1 0
madappgang.com/meroku/api_github_oauth.go:402.99,404.5 1 0
madappgang.com/meroku/api_github_oauth.go:406.3,406.25 1 0
madappgang.com/meroku/api_github_oauth.go:411.13,413.45 1 1
madappgang.com/meroku/api_github_oauth.go:413.45,415.3 1 1
madappgang.com/meroku/api_key_check.go:12.34,14.2 1 0
madappgang.com/meroku/api_key_check.go:17.33,115.2 11 0
madappgang.com/meroku/api_logs.go:21.70,23.30 1 0
madappgang.com/meroku/api_logs.go:23.30,25.3 1 0
madappgang.com/meroku/api_logs.go:28.2,28.48 1 0
madappgang.com/meroku/api_logs.go:28.48,29.31 1 0
madappgang.com/meroku/api_logs.go:29.31,31.4 1 0
madappgang.com/meroku/api_logs.go:35.2,35.53 1 0
madappgang.com/meroku/api_logs.go:35.53,36.31 1 0
madappgang.com/meroku/api_logs.go:36.31,38.4 1 0
madappgang.com/meroku/api_logs.go:42.2,42.87 1 0
madappgang.com/meroku/api_logs.go:62.42,66.3 1 0
madappgang.com/meroku/api_logs.go:70.61,71.32 1 0
madappgang.com/meroku/api_logs.go:71.32,74.3 2 0
madappgang.com/meroku/api_logs.go:76.2,81.40 5 0
madappgang.com/meroku/api_logs.go:81.40,85.3 3 0
madappgang.com/meroku/api_logs.go:88.2,89.17 2 0
madappgang.com/meroku/api_logs.go:89.17,91.22 2 0
madappgang.com/meroku/api_logs.go:91.22,93.4 1 0
madappgang.com/meroku/api_logs.go:97.2,99.16 3 0
madappgang.com/meroku/api_logs.go:99.16,103.3 3 0
madappgang.com/meroku/api_logs.go:105.2,106.60 2 0
madappgang.com/meroku/api_logs.go:106.60,110.3 3 0
madappgang.com/meroku/api_logs.go:113.2,118.16 4 0
madappgang.com/meroku/api_logs.go:118.16,122.3 3 0
madappgang.com/meroku/api_logs.go:125.2,136.16 4 0
madappgang.com/meroku/api_logs.go:136.16,140.3 3 0
madappgang.com/meroku/api_logs.go:142.2,145.39 3 0
madappgang.com/meroku/api_logs.go:145.39,148.51 2 0
madappgang.com/meroku/api_logs.go:148.51,149.35 1 0
madappgang.com/meroku/api_logs.go:149.35,151.5 1 0
madappgang.com/meroku/api_logs.go:155.3,161.22 2 0
madappgang.com/meroku/api_logs.go:161.22,163.4 1 0
madappgang.com/meroku/api_logs.go:165.3,166.17 2 0
madappgang.com/meroku/api_logs.go:166.17,167.46 1 0
madappgang.com/meroku/api_logs.go:167.46,168.55 1 0
madappgang.com/meroku/api_logs.go:168.55,174.96 4 0
madappgang.com/meroku/api_logs.go:174.96,176.7 1 0
madappgang.com/meroku/api_logs.go:176.12,176.55 1 0
madappgang.com/meroku/api_logs.go:176.55,178.7 1 0
madappgang.com/meroku/api_logs.go:178.12,178.56 1 0
madappgang.com/meroku/api_logs.go:178.56,180.7 1 0
madappgang.com/meroku/api_logs.go:182.6,187.8 1 0
madappgang.com/meroku/api_logs.go:191.4,191.37 1 0
madappgang.com/meroku/api_logs.go:191.37,193.5 1 0
madappgang.com/meroku/api_logs.go:198.2,198.39 1 0
madappgang.com/meroku/api_logs.go:198.39,200.3 1 0
madappgang.com/meroku/api_logs.go:202.2,209.37 3 0
madappgang.com/meroku/api_logs.go:213.64,217.40 3 0
madappgang.com/meroku/api_logs.go:217.40,220.3 2 0
madappgang.com/meroku/api_logs.go:223.2,224.16 2 0
madappgang.com/meroku/api_logs.go:224.16,227.3 2 0
madappgang.com/meroku/api_logs.go:228.2,233.16 4 0
madappgang.com/meroku/api_logs.go:233.16,236.3 2 0
madappgang.com/meroku/api_logs.go:238.2,239.60 2 0
madappgang.com/meroku/api_logs.go:239.60,242.3 2 0
madappgang.com/meroku/api_logs.go:245.2,250.16 4 0
madappgang.com/meroku/api_logs.go:250.16,253.3 2 0
madappgang.com/meroku/api_logs.go:255.2,274.12 7 0
madappgang.com/meroku/api_logs.go:274.12,275.7 1 0
madappgang.com/meroku/api_logs.go:275.7,277.18 2 0
madappgang.com/meroku/api_logs.go:277.18,280.5 2 0
madappgang.com/meroku/api_logs.go:285.2,285.6 1 0
madappgang.com/meroku/api_logs.go:285.6,286.10 1 0
madappgang.com/meroku/api_logs.go:287.15,288.10 1 0
madappgang.com/meroku/api_logs.go:289.19,299.18 3 0
madappgang.com/meroku/api_logs.go:299.18,301.13 2 0
madappgang.com/meroku/api_logs.go:304.4,304.41 1 0
madappgang.com/meroku/api_logs.go:304.41,307.53 2 0
madappgang.com/meroku/api_logs.go:307.53,308.37 1 0
madappgang.com/meroku/api_logs.go:308.37,310.7 1 0
madappgang.com/meroku/api_logs.go:314.5,322.51 3 0
madappgang.com/meroku/api_logs.go:322.51,325.48 2 0
madappgang.com/meroku/api_logs.go:325.48,326.57 1 0
madappgang.com/meroku/api_logs.go:326.57,328.44 1 0
madappgang.com/meroku/api_logs.go:328.44,330.9 1 0
madappgang.com/meroku/api_logs.go:333.8,337.98 4 0
madappgang.com/meroku/api_logs.go:337.98,339.9 1 0
madappgang.com/meroku/api_logs.go:339.14,339.57 1 0
madappgang.com/meroku/api_logs.go:339.57,341.9 1 0
madappgang.com/meroku/api_logs.go:341.14,341.58 1 0
madappgang.com/meroku/api_logs.go:341.58,343.9 1 0
madappgang.com/meroku/api_logs.go:345.8,350.10 1 0
madappgang.com/meroku/api_logs.go:355.6,355.26 1 0
madappgang.com/meroku/api_logs.go:355.26,360.21 2 0
madappgang.com/meroku/api_logs.go:360.21,362.8 1 0
madappgang.com/meroku/api_positions.go:30.54,35.2 3 0
madappgang.com/meroku/api_positions.go:37.63,38.32 1 0
madappgang.com/meroku/api_positions.go:38.32,41.3 2 0
madappgang.com/meroku/api_positions.go:43.2,44.23 2 0
madappgang.com/meroku/api_positions.go:44.23,48.3 3 0
madappgang.com/meroku/api_positions.go:50.2,53.53 2 0
madappgang.com/meroku/api_positions.go:53.53,62.3 3 0
madappgang.com/meroku/api_positions.go:65.2,66.16 2 0
madappgang.com/meroku/api_positions.go:66.16,70.3 3 0
madappgang.com/meroku/api_positions.go:72.2,73.57 2 0
madappgang.com/meroku/api_positions.go:73.57,77.3 3 0
madappgang.com/meroku/api_positions.go:79.2,80.38 2 0
madappgang.com/meroku/api_positions.go:83.64,84.63 1 0
madappgang.com/meroku/api_positions.go:84.63,87.3 2 0
madappgang.com/meroku/api_positions.go:90.2,91.16 2 0
madappgang.com/meroku/api_positions.go:91.16,95.3 3 0
madappgang.com/meroku/api_positions.go:96.2,99.57 3 0
madappgang.com/meroku/api_positions.go:99.57,103.3 3 0
madappgang.com/meroku/api_positions.go:105.2,105.33 1 0
madappgang.com/meroku/api_positions.go:105.33,109.3 3 0
madappgang.com/meroku/api_positions.go:111.2,115.16 3 0
madappgang.com/meroku/api_positions.go:115.16,119.3 3 0
madappgang.com/meroku/api_positions.go:122.2,122.59 1 0
madappgang.com/meroku/api_positions.go:122.59,126.3 3 0
madappgang.com/meroku/api_positions.go:128.2,132.4 2 0
madappgang.com/meroku/api_pricing.go:66.57,67.32 1 0
madappgang.com/meroku/api_pricing.go:67.32,70.3 2 0
madappgang.com/meroku/api_pricing.go:73.2,74.19 2 0
madappgang.com/meroku/api_pricing.go:74.19,78.3 3 0
madappgang.com/meroku/api_pricing.go:81.2,82.16 2 0
madappgang.com/meroku/api_pricing.go:82.16,86.3 3 0
madappgang.com/meroku/api_pricing.go:88.2,89.18 2 0
madappgang.com/meroku/api_pricing.go:89.18,91.3 1 0
madappgang.com/meroku/api_pricing.go:94.2,96.16 3 0
madappgang.com/meroku/api_pricing.go:96.16,100.3 3 0
madappgang.com/meroku/api_pricing.go:102.2,115.44 4 0
madappgang.com/meroku/api_pricing.go:115.44,119.18 3 0
madappgang.com/meroku/api_pricing.go:119.18,121.4 1 0
madappgang.com/meroku/api_pricing.go:122.3,122.18 1 0
madappgang.com/meroku/api_pricing.go:122.18,124.4 1 0
madappgang.com/meroku/api_pricing.go:125.3,125.47 1 0
madappgang.com/meroku/api_pricing.go:126.8,126.49 1 0
madappgang.com/meroku/api_pricing.go:126.49,128.3 1 0
madappgang.com/meroku/api_pricing.go:130.2,131.27 2 0
madappgang.com/meroku/api_pricing.go:131.27,133.3 1 0
madappgang.com/meroku/api_pricing.go:136.2,136.39 1 0
madappgang.com/meroku/api_pricing.go:136.39,138.31 2 0
madappgang.com/meroku/api_pricing.go:138.31,140.4 1 0
madappgang.com/meroku/api_pricing.go:141.3,142.28 2 0
madappgang.com/meroku/api_pricing.go:142.28,144.4 1 0
madappgang.com/meroku/api_pricing.go:148.2,148.26 1 0
madappgang.com/meroku/api_pricing.go:148.26,150.28 2 0
madappgang.com/meroku/api_pricing.go:150.28,152.4 1 0
madappgang.com/meroku/api_pricing.go:156.2,156.21 1 0
madappgang.com/meroku/api_pricing.go:156.21,159.28 2 0
madappgang.com/meroku/api_pricing.go:159.28,161.4 1 0
madappgang.com/meroku/api_pricing.go:162.8,165.31 2 0
madappgang.com/meroku/api_pricing.go:165.31,167.4 1 0
madappgang.com/meroku/api_pricing.go:171.2,171.25 1 0
madappgang.com/meroku/api_pricing.go:171.25,173.32 2 0
madappgang.com/meroku/api_pricing.go:173.32,175.4 1 0
madappgang.com/meroku/api_pricing.go:180.2,181.38 2 0
madappgang.com/meroku/api_pricing.go:181.38,183.3 1 0
madappgang.com/meroku/api_pricing.go:184.2,184.26 1 0
madappgang.com/meroku/api_pricing.go:184.26,186.3 1 0
madappgang.com/meroku/api_pricing.go:187.2,187.21 1 0
madappgang.com/meroku/api_pricing.go:187.21,189.27 2 0
madappgang.com/meroku/api_pricing.go:189.27,191.4 1 0
madappgang.com/meroku/api_pricing.go:195.2,196.34 2 0
madappgang.com/meroku/api_pricing.go:196.34,198.3 1 0
madappgang.com/meroku/api_pricing.go:201.2,201.24 1 0
madappgang.com/meroku/api_pricing.go:201.24,203.28 2 0
madappgang.com/meroku/api_pricing.go:203.28,205.4 1 0
madappgang.com/meroku/api_pricing.go:209.2,209.21 1 0
madappgang.com/meroku/api_pricing.go:209.21,211.24 2 0
madappgang.com/meroku/api_pricing.go:211.24,213.4 1 0
madappgang.com/meroku/api_pricing.go:217.2,217.38 1 0
madappgang.com/meroku/api_pricing.go:217.38,219.32 2 0
madappgang.com/meroku/api_pricing.go:219.32,221.4 1 0
madappgang.com/meroku/api_pricing.go:225.2,225.42 1 0
madappgang.com/meroku/api_pricing.go:225.42,227.25 2 0
madappgang.com/meroku/api_pricing.go:227.25,229.4 1 0
madappgang.com/meroku/api_pricing.go:233.2,234.23 2 0
madappgang.com/meroku/api_pricing.go:234.23,236.3 1 0
madappgang.com/meroku/api_pricing.go:239.2,240.23 2 0
madappgang.com/meroku/api_pricing.go:240.23,242.3 1 0
madappgang.com/meroku/api_pricing.go:244.2,245.37 2 0
madappgang.com/meroku/api_pricing.go:248.143,262.31 6 0
madappgang.com/meroku/api_pricing.go:262.31,263.64 1 0
madappgang.com/meroku/api_pricing.go:263.64,265.4 1 0
madappgang.com/meroku/api_pricing.go:267.2,267.34 1 0
madappgang.com/meroku/api_pricing.go:267.34,268.67 1 0
madappgang.com/meroku/api_pricing.go:268.67,270.4 1 0
madappgang.com/meroku/api_pricing.go:273.2,273.42 1 0
madappgang.com/meroku/api_pricing.go:273.42,279.32 3 0
madappgang.com/meroku/api_pricing.go:279.32,281.4 1 0
madappgang.com/meroku/api_pricing.go:282.3,282.35 1 0
madappgang.com/meroku/api_pricing.go:282.35,284.4 1 0
madappgang.com/meroku/api_pricing.go:287.3,298.41 5 0
madappgang.com/meroku/api_pricing.go:298.41,301.4 2 0
madappgang.com/meroku/api_pricing.go:301.9,303.4 1 0
madappgang.com/meroku/api_pricing.go:305.3,309.4 1 0
madappgang.com/meroku/api_pricing.go:312.2,312.20 1 0
madappgang.com/meroku/api_pricing.go:315.153,326.42 4 0
madappgang.com/meroku/api_pricing.go:326.42,332.33 4 0
madappgang.com/meroku/api_pricing.go:332.33,334.4 1 0
madappgang.com/meroku/api_pricing.go:337.3,350.4 4 0
madappgang.com/meroku/api_pricing.go:353.2,353.20 1 0
madappgang.com/meroku/api_pricing.go:356.108,365.38 3 0
madappgang.com/meroku/api_pricing.go:365.38,367.3 1 0
madappgang.com/meroku/api_pricing.go:369.2,370.39 2 0
madappgang.com/meroku/api_pricing.go:370.39,372.3 1 0
madappgang.com/meroku/api_pricing.go:374.2,376.42 2 0
madappgang.com/meroku/api_pricing.go:376.42,379.39 2 0
madappgang.com/meroku/api_pricing.go:379.39,381.4 1 0
madappgang.com/meroku/api_pricing.go:384.3,398.14 5 0
madappgang.com/meroku/api_pricing.go:398.14,400.4 1 0
madappgang.com/meroku/api_pricing.go:400.9,402.4 1 0
madappgang.com/meroku/api_pricing.go:404.3,408.4 1 0
madappgang.com/meroku/api_pricing.go:411.2,411.20 1 0
madappgang.com/meroku/api_pricing.go:414.99,425.42 4 0
madappgang.com/meroku/api_pricing.go:425.42,442.3 4 0
madappgang.com/meroku/api_pricing.go:444.2,444.20 1 0
madappgang.com/meroku/api_pricing.go:447.106,457.42 3 0
madappgang.com/meroku/api_pricing.go:457.42,470.3 4 0
madappgang.com/meroku/api_pricing.go:472.2,472.20 1 0
madappgang.com/meroku/api_pricing.go:475.58,498.45 5 0
madappgang.com/meroku/api_pricing.go:498.45,511.3 4 0
madappgang.com/meroku/api_pricing.go:513.2,513.20 1 0
madappgang.com/meroku/api_pricing.go:516.54,532.44 4 0
madappgang.com/meroku/api_pricing.go:532.44,543.3 3 0
madappgang.com/meroku/api_pricing.go:545.2,545.20 1 0
madappgang.com/meroku/api_pricing.go:548.77,564.44 4 0
madappgang.com/meroku/api_pricing.go:564.44,576.3 3 0
madappgang.com/meroku/api_pricing.go:578.2,578.20 1 0
madappgang.com/meroku/api_pricing.go:581.99,597.47 4 0
madappgang.com/meroku/api_pricing.go:597.47,607.3 2 0
madappgang.com/meroku/api_pricing.go:609.2,609.20 1 0
madappgang.com/meroku/api_pricing.go:612.54,620.35 2 0
madappgang.com/meroku/api_pricing.go:620.35,630.3 1 0
madappgang.com/meroku/api_pricing.go:632.2,632.20 1 0
madappgang.com/meroku/api_pricing.go:635.58,646.42 3 0
madappgang.com/meroku/api_pricing.go:646.42,651.18 3 0
madappgang.com/meroku/api_pricing.go:651.18,653.4 1 0
madappgang.com/meroku/api_pricing.go:655.3,664.4 2 0
madappgang.com/meroku/api_pricing.go:667.2,667.20 1 0
madappgang.com/meroku/api_pricing.go:670.115,694.35 6 0
madappgang.com/meroku/api_pricing.go:694.35,709.3 5 0
madappgang.com/meroku/api_pricing.go:711.2,711.20 1 0
madappgang.com/meroku/api_pricing.go:714.129,728.42 5 0
madappgang.com/meroku/api_pricing.go:728.42,751.3 8 0
madappgang.com/meroku/api_pricing.go:753.2,753.20 1 0
madappgang.com/meroku/api_pricing.go:756.48,758.41 1 0
madappgang.com/meroku/api_pricing.go:758.41,760.22 2 0
madappgang.com/meroku/api_pricing.go:760.22,763.24 3 0
madappgang.com/meroku/api_pricing.go:763.24,768.12 4 0
madappgang.com/meroku/api_pricing.go:769.44,770.35 1 0
madappgang.com/meroku/api_pricing.go:771.42,772.30 1 0
madappgang.com/meroku/api_pricing.go:773.41,774.23 1 0
madappgang.com/meroku/api_pricing.go:780.2,780.11 1 0
madappgang.com/meroku/api_pricing.go:783.106,800.32 4 0
madappgang.com/meroku/api_pricing.go:800.32,810.3 2 0
madappgang.com/meroku/api_pricing.go:812.2,812.20 1 0
madappgang.com/meroku/api_pricing.go:816.103,819.20 1 0
madappgang.com/meroku/api_pricing.go:819.20,821.3 1 0
madappgang.com/meroku/api_pricing.go:822.2,822.17 1 0
madappgang.com/meroku/api_pricing.go:825.129,848.16 3 0
madappgang.com/meroku/api_pricing.go:848.16,851.3 1 0
madappgang.com/meroku/api_pricing.go:854.2,854.13 1 0
madappgang.com/meroku/api_pricing.go:854.13,856.3 1 0
madappgang.com/meroku/api_pricing.go:858.2,858.14 1 0
madappgang.com/meroku/api_pricing.go:862.107,864.2 1 0
madappgang.com/meroku/api_pricing.go:866.92,868.2 1 0
madappgang.com/meroku/api_pricing.go:870.89,872.2 1 0
madappgang.com/meroku/api_pricing.go:875.92,877.2 1 0
madappgang.com/meroku/api_pricing.go:879.97,881.2 1 0
madappgang.com/meroku/api_pricing.go:884.61,886.70 2 0
madappgang.com/meroku/api_pricing.go:886.70,888.3 1 0
madappgang.com/meroku/api_pricing.go:891.2,891.68 1 0
madappgang.com/meroku/api_pricing.go:891.68,892.69 1 0
madappgang.com/meroku/api_pricing.go:892.69,893.34 1 0
madappgang.com/meroku/api_pricing.go:893.34,894.58 1 0
madappgang.com/meroku/api_pricing.go:894.58,895.89 1 0
madappgang.com/meroku/api_pricing.go:895.89,896.49 1 0
madappgang.com/meroku/api_pricing.go:896.49,897.65 1 0
madappgang.com/meroku/api_pricing.go:897.65,898.85 1 0
madappgang.com/meroku/api_pricing.go:898.85,899.57 1 0
madappgang.com/meroku/api_pricing.go:899.57,901.11 1 0
madappgang.com/meroku/api_pricing.go:911.2,911.57 1 0
madappgang.com/meroku/api_pricing.go:922.62,923.32 1 0
madappgang.com/meroku/api_pricing.go:923.32,926.3 2 0
madappgang.com/meroku/api_pricing.go:929.2,930.18 2 0
madappgang.com/meroku/api_pricing.go:930.18,932.3 1 0
madappgang.com/meroku/api_pricing.go:935.2,936.16 2 0
madappgang.com/meroku/api_pricing.go:936.16,940.3 3 0
madappgang.com/meroku/api_pricing.go:943.2,944.34 2 0
madappgang.com/meroku/api_rds.go:24.66,25.32 1 0
madappgang.com/meroku/api_rds.go:25.32,28.3 2 0
madappgang.com/meroku/api_rds.go:30.2,34.32 4 0
madappgang.com/meroku/api_rds.go:34.32,38.3 3 0
madappgang.com/meroku/api_rds.go:40.2,44.16 3 0
madappgang.com/meroku/api_rds.go:44.16,48.3 3 0
madappgang.com/meroku/api_rds.go:50.2,54.14 3 0
madappgang.com/meroku/api_rds.go:54.14,62.17 3 0
madappgang.com/meroku/api_rds.go:62.17,69.18 3 0
madappgang.com/meroku/api_rds.go:69.18,73.5 3 0
madappgang.com/meroku/api_rds.go:76.3,76.40 1 0
madappgang.com/meroku/api_rds.go:76.40,86.4 2 0
madappgang.com/meroku/api_rds.go:87.8,95.17 3 0
madappgang.com/meroku/api_rds.go:95.17,102.18 3 0
madappgang.com/meroku/api_rds.go:102.18,106.5 3 0
madappgang.com/meroku/api_rds.go:109.3,109.42 1 0
madappgang.com/meroku/api_rds.go:109.42,119.4 2 0
madappgang.com/meroku/api_rds.go:122.2,123.35 2 0
madappgang.com/meroku/api_rds.go:128.62,129.32 1 0
madappgang.com/meroku/api_rds.go:129.32,132.3 2 0
madappgang.com/meroku/api_rds.go:134.2,137.32 3 0
madappgang.com/meroku/api_rds.go:137.32,141.3 3 0
madappgang.com/meroku/api_rds.go:143.2,147.16 3 0
madappgang.com/meroku/api_rds.go:147.16,151.3 3 0
madappgang.com/meroku/api_rds.go:153.2,161.47 3 0
madappgang.com/meroku/api_rds.go:161.47,166.54 2 0
madappgang.com/meroku/api_rds.go:166.54,179.4 5 0
madappgang.com/meroku/api_rds.go:183.2,188.49 2 0
madappgang.com/meroku/api_rds.go:188.49,193.56 2 0
madappgang.com/meroku/api_rds.go:193.56,206.4 5 0
madappgang.com/meroku/api_rds.go:210.2,211.121 2 0
madappgang.com/meroku/api_s3_files.go:44.56,45.32 1 0
madappgang.com/meroku/api_s3_files.go:45.32,48.3 2 0
madappgang.com/meroku/api_s3_files.go:50.2,53.31 3 0
madappgang.com/meroku/api_s3_files.go:53.31,57.3 3 0
madappgang.com/meroku/api_s3_files.go:59.2,63.16 3 0
madappgang.com/meroku/api_s3_files.go:63.16,67.3 3 0
madappgang.com/meroku/api_s3_files.go:69.2,76.16 3 0
madappgang.com/meroku/api_s3_files.go:76.16,77.49 1 0
madappgang.com/meroku/api_s3_files.go:77.49,80.4 2 0
madappgang.com/meroku/api_s3_files.go:80.9,80.59 1 0
madappgang.com/meroku/api_s3_files.go:80.59,83.4 2 0
madappgang.com/meroku/api_s3_files.go:83.9,86.4 2 0
madappgang.com/meroku/api_s3_files.go:87.3,87.9 1 0
madappgang.com/meroku/api_s3_files.go:89.2,93.16 3 0
madappgang.com/meroku/api_s3_files.go:93.16,97.3 3 0
madappgang.com/meroku/api_s3_files.go:99.2,106.37 3 0
madappgang.com/meroku/api_s3_files.go:110.56,111.63 1 0
madappgang.com/meroku/api_s3_files.go:111.63,114.3 2 0
madappgang.com/meroku/api_s3_files.go:116.2,117.61 2 0
madappgang.com/meroku/api_s3_files.go:117.61,121.3 3 0
madappgang.com/meroku/api_s3_files.go:123.2,123.39 1 0
madappgang.com/meroku/api_s3_files.go:123.39,127.3 3 0
[...]
madappgang.com/meroku/terraform_plan_progress_tui.go:246.3,247.24 2 0
madappgang.com/meroku/terraform_plan_progress_tui.go:247.24,253.4 3 0
madappgang.com/meroku/terraform_plan_progress_tui.go:256.3,258.16 3 0
madappgang.com/meroku/terraform_plan_progress_tui.go:260.18,261.23 1 0
madappgang.com/meroku/terraform_plan_progress_tui.go:262.29,263.20 1 0
madappgang.com/meroku/terraform_plan_progress_tui.go:263.20,265.5 1 0
madappgang.com/meroku/terraform_plan_progress_tui.go:266.4,266.22 1 0
madappgang.com/meroku/terraform_plan_progress_tui.go:267.12,269.54 1 0
madappgang.com/meroku/terraform_plan_progress_tui.go:269.54,272.5 2 0
madappgang.com/meroku/terraform_plan_progress_tui.go:273.16,274.57 1 0
madappgang.com/meroku/terraform_plan_progress_tui.go:274.57,276.5 1 0
madappgang.com/meroku/terraform_plan_progress_tui.go:280.2,280.15 1 0
madappgang.com/meroku/terraform_plan_progress_tui.go:283.43,284.27 1 0
madappgang.com/meroku/terraform_plan_progress_tui.go:284.27,286.3 1 0
madappgang.com/meroku/terraform_plan_progress_tui.go:288.2,288.32 1 0
madappgang.com/meroku/terraform_plan_progress_tui.go:288.32,290.3 1 0
madappgang.com/meroku/terraform_plan_progress_tui.go:293.2,330.29 14 0
madappgang.com/meroku/terraform_plan_progress_tui.go:330.29,337.3 2 0
madappgang.com/meroku/terraform_plan_progress_tui.go:338.2,353.19 6 0
madappgang.com/meroku/terraform_plan_progress_tui.go:353.19,355.3 1 0
madappgang.com/meroku/terraform_plan_progress_tui.go:355.8,355.26 1 0
madappgang.com/meroku/terraform_plan_progress_tui.go:355.26,357.3 1 0
madappgang.com/meroku/terraform_plan_progress_tui.go:360.2,369.26 3 0
madappgang.com/meroku/terraform_plan_progress_tui.go:369.26,378.3 2 0
madappgang.com/meroku/terraform_plan_progress_tui.go:378.8,382.36 3 0
madappgang.com/meroku/terraform_plan_progress_tui.go:382.36,384.4 1 0
madappgang.com/meroku/terraform_plan_progress_tui.go:386.3,387.44 2 0
madappgang.com/meroku/terraform_plan_progress_tui.go:387.44,391.32 2 0
madappgang.com/meroku/terraform_plan_progress_tui.go:391.32,393.5 1 0
madappgang.com/meroku/terraform_plan_progress_tui.go:396.4,396.39 1 0
madappgang.com/meroku/terraform_plan_progress_tui.go:396.39,398.5 1 0
madappgang.com/meroku/terraform_plan_progress_tui.go:398.10,398.51 1 0
madappgang.com/meroku/terraform_plan_progress_tui.go:398.51,400.5 1 0
madappgang.com/meroku/terraform_plan_progress_tui.go:400.10,400.81 1 0
madappgang.com/meroku/terraform_plan_progress_tui.go:400.81,402.5 1 0
madappgang.com/meroku/terraform_plan_progress_tui.go:404.4,404.42 1 0
madappgang.com/meroku/terraform_plan_progress_tui.go:408.2,417.31 4 0
madappgang.com/meroku/terraform_plan_progress_tui.go:417.31,418.18 1 0
madappgang.com/meroku/terraform_plan_progress_tui.go:419.24,422.67 1 0
madappgang.com/meroku/terraform_plan_progress_tui.go:423.22,425.63 1 0
madappgang.com/meroku/terraform_plan_progress_tui.go:426.22,428.54 1 0
madappgang.com/meroku/terraform_plan_progress_tui.go:429.11,432.63 1 0
madappgang.com/meroku/terraform_plan_progress_tui.go:437.2,441.30 3 0
madappgang.com/meroku/terraform_plan_progress_tui.go:441.30,443.3 1 0
madappgang.com/meroku/terraform_plan_progress_tui.go:443.8,445.3 1 0
madappgang.com/meroku/terraform_plan_progress_tui.go:447.2,464.3 3 0
madappgang.com/meroku/terraform_plan_progress_tui.go:467.55,487.2 5 0
madappgang.com/meroku/terraform_plan_progress_tui.go:489.50,509.47 3 0
madappgang.com/meroku/terraform_plan_progress_tui.go:509.47,510.16 1 0
madappgang.com/meroku/terraform_plan_progress_tui.go:510.16,515.5 1 0
madappgang.com/meroku/terraform_plan_progress_tui.go:516.4,519.20 1 0
madappgang.com/meroku/terraform_plan_progress_tui.go:524.2,527.28 2 0
madappgang.com/meroku/terraform_plan_progress_tui.go:527.28,528.38 1 0
madappgang.com/meroku/terraform_plan_progress_tui.go:528.38,529.37 1 0
madappgang.com/meroku/terraform_plan_progress_tui.go:529.37,531.5 1 0
madappgang.com/meroku/terraform_plan_progress_tui.go:536.2,545.23 7 0
madappgang.com/meroku/terraform_plan_progress_tui.go:545.23,554.3 5 0
madappgang.com/meroku/terraform_plan_progress_tui.go:557.2,558.27 2 0
madappgang.com/meroku/terraform_plan_progress_tui.go:558.27,560.3 1 0
madappgang.com/meroku/terraform_plan_progress_tui.go:561.2,577.3 4 0
madappgang.com/meroku/terraform_plan_progress_tui.go:580.51,581.17 1 0
madappgang.com/meroku/terraform_plan_progress_tui.go:582.25,583.42 1 0
madappgang.com/meroku/terraform_plan_progress_tui.go:584.23,585.43 1 0
madappgang.com/meroku/terraform_plan_progress_tui.go:586.23,587.36 1 0
madappgang.com/meroku/terraform_plan_progress_tui.go:588.21,589.36 1 0
madappgang.com/meroku/terraform_plan_progress_tui.go:590.21,591.25 1 0
madappgang.com/meroku/terraform_plan_progress_tui.go:592.10,593.29 1 0
madappgang.com/meroku/terraform_plan_progress_tui.go:597.56,613.17 7 0
madappgang.com/meroku/terraform_plan_progress_tui.go:614.23,615.85 1 0
madappgang.com/meroku/terraform_plan_progress_tui.go:616.21,617.84 1 0
madappgang.com/meroku/terraform_plan_progress_tui.go:618.10,619.27 1 0
madappgang.com/meroku/terraform_plan_progress_tui.go:622.2,622.69 1 0
madappgang.com/meroku/terraform_plan_progress_tui.go:625.58,630.81 3 0
madappgang.com/meroku/terraform_plan_progress_tui.go:630.81,632.3 1 0
madappgang.com/meroku/terraform_plan_progress_tui.go:634.2,634.95 1 0
madappgang.com/meroku/terraform_plan_progress_tui.go:634.95,637.3 2 0
madappgang.com/meroku/terraform_plan_progress_tui.go:639.2,639.42 1 0
madappgang.com/meroku/terraform_plan_progress_tui.go:639.42,641.3 1 0
madappgang.com/meroku/terraform_plan_progress_tui.go:643.2,643.41 1 0
madappgang.com/meroku/terraform_plan_progress_tui.go:643.41,646.3 2 0
madappgang.com/meroku/terraform_plan_progress_tui.go:648.2,648.81 1 0
madappgang.com/meroku/terraform_plan_progress_tui.go:648.81,651.3 2 0
madappgang.com/meroku/terraform_plan_progress_tui.go:653.2,653.27 1 0
madappgang.com/meroku/terraform_plan_progress_tui.go:653.27,656.3 2 0
madappgang.com/meroku/terraform_plan_progress_tui.go:658.2,658.40 1 0
madappgang.com/meroku/terraform_plan_progress_tui.go:662.43,669.16 3 0
madappgang.com/meroku/terraform_plan_progress_tui.go:669.16,671.3 1 0
madappgang.com/meroku/terraform_plan_progress_tui.go:674.2,674.54 1 0
madappgang.com/meroku/terraform_plan_progress_tui.go:674.54,676.65 1 0
madappgang.com/meroku/terraform_plan_progress_tui.go:676.65,678.39 1 0
madappgang.com/meroku/terraform_plan_progress_tui.go:678.39,684.25 3 0
madappgang.com/meroku/terraform_plan_progress_tui.go:684.25,686.6 1 0
madappgang.com/meroku/terraform_plan_progress_tui.go:689.5,690.24 2 0
madappgang.com/meroku/terraform_plan_progress_tui.go:690.24,692.6 1 0
madappgang.com/meroku/terraform_plan_progress_tui.go:693.5,693.24 1 0
madappgang.com/meroku/terraform_plan_progress_tui.go:693.24,695.6 1 0
madappgang.com/meroku/terraform_plan_progress_tui.go:698.5,699.46 2 0
madappgang.com/meroku/terraform_plan_progress_tui.go:699.46,701.24 2 0
madappgang.com/meroku/terraform_plan_progress_tui.go:701.24,703.28 2 0
madappgang.com/meroku/terraform_plan_progress_tui.go:703.28,705.8 1 0
madappgang.com/meroku/terraform_plan_progress_tui.go:709.5,720.19 3 0
madappgang.com/meroku/terraform_plan_progress_tui.go:720.19,722.6 1 0
madappgang.com/meroku/terraform_plan_progress_tui.go:722.11,724.6 1 0
madappgang.com/meroku/terraform_plan_progress_tui.go:726.5,727.17 2 0
madappgang.com/meroku/terraform_plan_progress_tui.go:731.3,731.76 1 0
madappgang.com/meroku/terraform_plan_progress_tui.go:731.76,734.39 2 0
madappgang.com/meroku/terraform_plan_progress_tui.go:734.39,736.5 1 0
madappgang.com/meroku/terraform_plan_progress_tui.go:738.4,738.60 1 0
madappgang.com/meroku/terraform_plan_progress_tui.go:742.2,742.12 1 0
madappgang.com/meroku/terrafrom.go:17.53,19.19 2 0
madappgang.com/meroku/terrafrom.go:19.19,22.17 3 0
madappgang.com/meroku/terrafrom.go:22.17,24.31 2 0
madappgang.com/meroku/terrafrom.go:24.31,26.5 1 0
madappgang.com/meroku/terrafrom.go:27.4,27.59 1 0
madappgang.com/meroku/terrafrom.go:30.2,31.14 2 0
madappgang.com/meroku/terrafrom.go:31.14,33.3 1 0
madappgang.com/meroku/terrafrom.go:34.2,35.16 2 0
madappgang.com/meroku/terrafrom.go:42.36,46.58 2 0
madappgang.com/meroku/terrafrom.go:46.58,51.73 2 0
madappgang.com/meroku/terrafrom.go:51.73,53.4 1 0
madappgang.com/meroku/terrafrom.go:53.9,55.4 1 0
madappgang.com/meroku/terrafrom.go:59.30,65.19 3 0
madappgang.com/meroku/terrafrom.go:65.19,69.17 2 0
madappgang.com/meroku/terrafrom.go:69.17,71.55 2 0
madappgang.com/meroku/terrafrom.go:71.55,73.5 1 0
madappgang.com/meroku/terrafrom.go:78.2,78.19 1 0
madappgang.com/meroku/terrafrom.go:78.19,80.62 2 0
madappgang.com/meroku/terrafrom.go:80.62,84.49 2 0
madappgang.com/meroku/terrafrom.go:84.49,88.5 3 0
madappgang.com/meroku/terrafrom.go:92.2,92.57 1 0
madappgang.com/meroku/terrafrom.go:92.57,94.17 2 0
madappgang.com/meroku/terrafrom.go:94.17,101.4 6 0
madappgang.com/meroku/terrafrom.go:102.8,102.23 1 0
madappgang.com/meroku/terrafrom.go:102.23,105.3 2 0
madappgang.com/meroku/terrafrom.go:105.8,107.3 1 0
madappgang.com/meroku/terrafrom.go:110.32,113.16 2 0
madappgang.com/meroku/terrafrom.go:113.16,121.52 6 0
madappgang.com/meroku/terrafrom.go:121.52,123.25 2 0
madappgang.com/meroku/terrafrom.go:123.25,126.5 1 0
madappgang.com/meroku/terrafrom.go:127.4,129.19 3 0
madappgang.com/meroku/terrafrom.go:129.19,133.5 3 0
madappgang.com/meroku/terrafrom.go:133.10,137.5 2 0
madappgang.com/meroku/terrafrom.go:138.4,138.16 1 0
madappgang.com/meroku/terrafrom.go:141.3,141.17 1 0
madappgang.com/meroku/terrafrom.go:141.17,143.4 1 0
madappgang.com/meroku/terrafrom.go:148.2,150.16 3 0
madappgang.com/meroku/terrafrom.go:150.16,152.3 1 0
madappgang.com/meroku/terrafrom.go:155.2,157.16 3 0
madappgang.com/meroku/terrafrom.go:157.16,174.51 2 0
madappgang.com/meroku/terrafrom.go:174.51,177.40 1 0
madappgang.com/meroku/terrafrom.go:177.40,184.43 2 0
madappgang.com/meroku/terrafrom.go:184.43,189.6 3 0
madappgang.com/meroku/terrafrom.go:189.11,191.38 1 0
madappgang.com/meroku/terrafrom.go:192.20,193.36 1 0
madappgang.com/meroku/terrafrom.go:194.20,195.36 1 0
madappgang.com/meroku/terrafrom.go:196.20,197.36 1 0
madappgang.com/meroku/terrafrom.go:202.3,207.17 4 0
madappgang.com/meroku/terrafrom.go:207.17,209.4 1 0
madappgang.com/meroku/terrafrom.go:213.2,217.16 3 0
madappgang.com/meroku/terrafrom.go:217.16,219.3 1 0
madappgang.com/meroku/terrafrom.go:220.2,222.12 3 0
madappgang.com/meroku/terrafrom.go:225.54,242.46 4 0
madappgang.com/meroku/terrafrom.go:242.46,243.39 1 0
madappgang.com/meroku/terrafrom.go:243.39,245.4 1 0
madappgang.com/meroku/terrafrom.go:249.2,267.39 2 0
madappgang.com/meroku/terrafrom.go:267.39,268.39 1 0
madappgang.com/meroku/terrafrom.go:268.39,270.100 1 0
madappgang.com/meroku/terrafrom.go:270.100,272.5 1 0
madappgang.com/meroku/terrafrom.go:273.4,273.45 1 0
madappgang.com/meroku/terrafrom.go:279.2,286.47 2 0
madappgang.com/meroku/terrafrom.go:286.47,287.39 1 0
madappgang.com/meroku/terrafrom.go:287.39,295.4 4 0
madappgang.com/meroku/terrafrom.go:299.2,299.60 1 0
madappgang.com/meroku/terrafrom.go:299.60,303.3 2 0
madappgang.com/meroku/terrafrom.go:305.2,305.114 1 0
madappgang.com/meroku/terrafrom.go:308.48,312.2 2 0
madappgang.com/meroku/terrafrom.go:314.34,316.2 1 0
madappgang.com/meroku/terrafrom.go:318.57,331.34 7 0
madappgang.com/meroku/terrafrom.go:331.34,336.30 2 0
madappgang.com/meroku/terrafrom.go:336.30,338.25 2 0
madappgang.com/meroku/terrafrom.go:338.25,343.20 3 0
madappgang.com/meroku/terrafrom.go:343.20,346.6 2 0
madappgang.com/meroku/terrafrom.go:346.11,350.6 2 0
madappgang.com/meroku/terrafrom.go:354.3,354.63 1 0
madappgang.com/meroku/terrafrom.go:357.2,366.41 6 0
madappgang.com/meroku/terrafrom.go:366.41,374.52 6 0
madappgang.com/meroku/terrafrom.go:374.52,376.25 2 0
madappgang.com/meroku/terrafrom.go:376.25,378.5 1 0
madappgang.com/meroku/terrafrom.go:379.4,381.19 3 0
madappgang.com/meroku/terrafrom.go:381.19,384.5 2 0
madappgang.com/meroku/terrafrom.go:384.10,387.5 2 0
madappgang.com/meroku/terrafrom.go:388.4,388.16 1 0
madappgang.com/meroku/terrafrom.go:391.3,391.96 1 0
madappgang.com/meroku/terrafrom.go:395.2,397.12 2 0
madappgang.com/meroku/test_api.go:10.34,18.16 5 0
madappgang.com/meroku/test_api.go:18.16,20.3 1 0
madappgang.com/meroku/test_api.go:21.2,23.38 2 0
madappgang.com/meroku/test_api.go:23.38,25.3 1 0
madappgang.com/meroku/test_api.go:27.2,27.63 1 0
madappgang.com/meroku/update.go:15.35,18.16 2 0
madappgang.com/meroku/update.go:18.16,20.3 1 0
madappgang.com/meroku/update.go:21.2,24.16 3 0
madappgang.com/meroku/update.go:24.16,26.3 1 0
madappgang.com/meroku/update.go:28.2,32.16 3 0
madappgang.com/meroku/update.go:32.16,34.3 1 0
madappgang.com/meroku/update.go:36.2,40.16 3 0
madappgang.com/meroku/update.go:40.16,42.3 1 0
madappgang.com/meroku/update.go:44.2,45.16 2 0
madappgang.com/meroku/update.go:45.16,47.3 1 0
madappgang.com/meroku/update.go:49.2,49.28 1 0
madappgang.com/meroku/update.go:49.28,57.22 2 0
madappgang.com/meroku/update.go:57.22,59.4 1 0
madappgang.com/meroku/update.go:60.3,60.15 1 0
madappgang.com/meroku/update.go:60.15,66.4 2 0
madappgang.com/meroku/update.go:67.3,73.9 2 0
madappgang.com/meroku/update.go:74.8,80.3 1 0
madappgang.com/meroku/update.go:82.2,82.12 1 0
madappgang.com/meroku/update.go:94.49,99.16 3 0
madappgang.com/meroku/update.go:99.16,102.3 2 0
madappgang.com/meroku/update.go:103.2,106.16 3 0
madappgang.com/meroku/update.go:106.16,109.3 2 0
madappgang.com/meroku/update.go:111.2,115.16 3 0
madappgang.com/meroku/update.go:115.16,118.3 2 0
madappgang.com/meroku/update.go:120.2,124.16 3 0
madappgang.com/meroku/update.go:124.16,127.3 2 0
madappgang.com/meroku/update.go:129.2,130.16 2 0
madappgang.com/meroku/update.go:130.16,133.3 2 0
madappgang.com/meroku/update.go:135.2,136.15 2 0
madappgang.com/meroku/update.go:140.55,141.29 1 0
madappgang.com/meroku/update.go:141.29,143.3 1 0
madappgang.com/meroku/update.go:145.2,152.21 2 0
madappgang.com/meroku/update.go:152.21,154.3 1 0
madappgang.com/meroku/update.go:156.2,156.14 1 0
madappgang.com/meroku/update.go:156.14,162.3 2 0
madappgang.com/meroku/update.go:165.2,173.12 3 0
madappgang.com/meroku/web_server_tui.go:80.55,90.2 4 0
madappgang.com/meroku/web_server_tui.go:92.40,95.51 1 0
madappgang.com/meroku/web_server_tui.go:95.51,95.80 1 0
madappgang.com/meroku/web_server_tui.go:103.66,104.27 1 0
madappgang.com/meroku/web_server_tui.go:105.18,106.10 1 0
madappgang.com/meroku/web_server_tui.go:107.36,108.22 1 0
madappgang.com/meroku/web_server_tui.go:109.36,110.14 1 0
madappgang.com/meroku/web_server_tui.go:110.14,112.19 2 0
madappgang.com/meroku/web_server_tui.go:112.19,114.6 1 0
madappgang.com/meroku/web_server_tui.go:114.11,116.6 1 0
madappgang.com/meroku/web_server_tui.go:118.4,120.64 3 0
madappgang.com/meroku/web_server_tui.go:120.64,120.92 1 0
madappgang.com/meroku/web_server_tui.go:123.24,125.16 2 0
madappgang.com/meroku/web_server_tui.go:127.23,128.50 1 0
madappgang.com/meroku/web_server_tui.go:128.50,130.4 1 0
madappgang.com/meroku/web_server_tui.go:131.3,131.16 1 0
madappgang.com/meroku/web_server_tui.go:133.23,136.16 3 0
madappgang.com/meroku/web_server_tui.go:139.2,139.15 1 0
madappgang.com/meroku/web_server_tui.go:142.39,150.18 4 0
madappgang.com/meroku/web_server_tui.go:151.22,152.56 1 0
madappgang.com/meroku/web_server_tui.go:153.21,154.98 1 0
madappgang.com/meroku/web_server_tui.go:155.19,156.56 1 0
madappgang.com/meroku/web_server_tui.go:160.2,172.21 4 0
madappgang.com/meroku/web_server_tui.go:172.21,174.3 1 0
madappgang.com/meroku/web_server_tui.go:177.2,190.16 3 0
madappgang.com/meroku/web_server_tui.go:193.46,197.2 3 0
madappgang.com/meroku/pricing/aws_client.go:27.68,32.2 1 0
madappgang.com/meroku/pricing/aws_client.go:37.75,41.29 1 0
madappgang.com/meroku/pricing/aws_client.go:41.30,43.3 0 0
madappgang.com/meroku/pricing/aws_client.go:49.2,53.22 4 0
madappgang.com/meroku/pricing/aws_client.go:74.79,77.2 1 0
madappgang.com/meroku/pricing/aws_client.go:81.76,86.2 3 0
madappgang.com/meroku/pricing/aws_client.go:96.46,208.2 1 0
madappgang.com/meroku/pricing/aws_client.go:220.39,222.2 1 0
madappgang.com/meroku/pricing/cache.go:23.77,33.2 1 0
madappgang.com/meroku/pricing/cache.go:38.62,45.52 4 0
madappgang.com/meroku/pricing/cache.go:45.52,48.3 2 0
madappgang.com/meroku/pricing/cache.go:51.2,52.26 2 0
madappgang.com/meroku/pricing/cache.go:57.66,60.16 2 0
madappgang.com/meroku/pricing/cache.go:60.16,64.3 1 0
madappgang.com/meroku/pricing/cache.go:67.2,72.19 5 0
madappgang.com/meroku/pricing/cache.go:78.108,80.12 2 0
madappgang.com/meroku/pricing/cache.go:80.12,82.7 2 0
madappgang.com/meroku/pricing/cache.go:82.7,83.11 1 0
madappgang.com/meroku/pricing/cache.go:84.20,86.36 1 0
madappgang.com/meroku/pricing/cache.go:86.36,88.6 1 0
madappgang.com/meroku/pricing/cache.go:89.22,90.11 1 0
madappgang.com/meroku/pricing/cache.go:98.48,108.2 3 0
madappgang.com/meroku/pricing/cache.go:112.30,118.2 4 0
madappgang.com/meroku/pricing/cache.go:122.48,128.2 4 0
madappgang.com/meroku/pricing/calculators.go:11.69,14.13 2 0
madappgang.com/meroku/pricing/calculators.go:14.13,18.3 2 0
madappgang.com/meroku/pricing/calculators.go:21.2,21.20 1 0
madappgang.com/meroku/pricing/calculators.go:21.20,23.3 1 0
madappgang.com/meroku/pricing/calculators.go:26.2,34.21 5 0
madappgang.com/meroku/pricing/calculators.go:44.75,53.2 5 0
madappgang.com/meroku/pricing/calculators.go:64.55,70.22 4 0
madappgang.com/meroku/pricing/calculators.go:71.17,72.24 1 0
madappgang.com/meroku/pricing/calculators.go:73.17,74.24 1 0
madappgang.com/meroku/pricing/calculators.go:75.18,76.24 1 0
madappgang.com/meroku/pricing/calculators.go:77.10,78.24 1 0
madappgang.com/meroku/pricing/calculators.go:82.2,86.29 2 0
madappgang.com/meroku/pricing/calculators.go:86.29,88.23 2 0
madappgang.com/meroku/pricing/calculators.go:89.18,90.24 1 0
madappgang.com/meroku/pricing/calculators.go:91.18,92.24 1 0
madappgang.com/meroku/pricing/calculators.go:93.19,94.24 1 0
madappgang.com/meroku/pricing/calculators.go:95.11,96.24 1 0
madappgang.com/meroku/pricing/calculators.go:98.3,98.26 1 0
madappgang.com/meroku/pricing/calculators.go:101.2,101.15 1 0
madappgang.com/meroku/pricing/calculators.go:110.69,130.2 9 0
madappgang.com/meroku/pricing/calculators.go:138.67,152.2 6 0
madappgang.com/meroku/pricing/calculators.go:160.74,172.2 5 0
madappgang.com/meroku/pricing/calculators.go:180.79,185.2 3 0
madappgang.com/meroku/pricing/calculators.go:193.74,196.2 2 0
madappgang.com/meroku/pricing/calculators.go:205.92,215.2 5 0
madappgang.com/meroku/pricing/calculators.go:223.79,226.22 2 0
madappgang.com/meroku/pricing/calculators.go:226.22,228.3 1 0
madappgang.com/meroku/pricing/calculators.go:230.2,231.21 2 0
madappgang.com/meroku/pricing/calculators.go:239.70,243.2 3 0
madappgang.com/meroku/pricing/calculators.go:250.78,254.2 3 0
madappgang.com/meroku/pricing/calculators.go:261.70,264.2 2 0
madappgang.com/meroku/pricing/service.go:26.74,30.16 2 0
madappgang.com/meroku/pricing/service.go:30.17,32.3 0 0
madappgang.com/meroku/pricing/service.go:35.2,47.33 4 0
madappgang.com/meroku/pricing/service.go:47.33,49.3 1 0
madappgang.com/meroku/pricing/service.go:52.2,54.21 2 0
madappgang.com/meroku/pricing/service.go:62.64,64.2 1 0
madappgang.com/meroku/pricing/service.go:68.50,70.2 1 0
madappgang.com/meroku/pricing/service.go:74.82,76.16 2 0
madappgang.com/meroku/pricing/service.go:76.16,78.3 1 0
madappgang.com/meroku/pricing/service.go:79.2,79.46 1 0
madappgang.com/meroku/pricing/service.go:84.88,86.16 2 0
madappgang.com/meroku/pricing/service.go:86.16,88.3 1 0
madappgang.com/meroku/pricing/service.go:89.2,89.49 1 0
madappgang.com/meroku/pricing/service.go:94.82,96.16 2 0
madappgang.com/meroku/pricing/service.go:96.16,98.3 1 0
madappgang.com/meroku/pricing/service.go:99.2,99.46 1 0
madappgang.com/meroku/pricing/service.go:104.80,106.16 2 0
madappgang.com/meroku/pricing/service.go:106.16,108.3 1 0
madappgang.com/meroku/pricing/service.go:109.2,109.45 1 0
madappgang.com/meroku/pricing/service.go:114.54,118.2 3 0
madappgang.com/meroku/pricing/service.go:122.32,124.2 1 0
